#
# A fatal error has been detected by the Java Runtime Environment:
#
#  EXCEPTION_ACCESS_VIOLATION (0xc0000005) at pc=0x00007ff86fd46587, pid=18068, tid=17304
#
# JRE version: OpenJDK Runtime Environment (21.0.2+13) (build 21.0.2+13-58)
# Java VM: OpenJDK 64-Bit Server VM (21.0.2+13-58, mixed mode, tiered, compressed oops, compressed class ptrs, g1 gc, windows-amd64)
# Problematic frame:
# C  [glass.dll+0x26587]
#
# No core dump will be written. Minidumps are not enabled by default on client versions of Windows
#
# If you would like to submit a bug report, please visit:
#   https://bugreport.java.com/bugreport/crash.jsp
#

---------------  S U M M A R Y ------------

Command Line: -ea -Didea.test.cyclic.buffer.size=1048576 -javaagent:C:\Program Files\JetBrains\IntelliJ IDEA 2023.2.2\lib\idea_rt.jar=60848:C:\Program Files\JetBrains\IntelliJ IDEA 2023.2.2\bin --patch-module=com.restaurantmanagementsystem=C:/Users/Hp/Desktop/OneDrive - University of Southampton/Projects/Others/RestaurantManagementSystem/target/test-classes --add-reads=com.restaurantmanagementsystem=ALL-UNNAMED --add-opens=com.restaurantmanagementsystem/com.restaurantmanagementsystem.pos.controller=ALL-UNNAMED --add-modules=com.restaurantmanagementsystem -Dfile.encoding=UTF-8 -Dsun.stdout.encoding=UTF-8 -Dsun.stderr.encoding=UTF-8 --module-path=C:\Users\Hp\.m2\repository\org\openjfx\javafx-base\21-ea+24\javafx-base-21-ea+24-win.jar;C:\Users\Hp\.m2\repository\org\openjfx\javafx-fxml\21-ea+24\javafx-fxml-21-ea+24-win.jar;C:\Users\Hp\.m2\repository\org\kordamp\bootstrapfx\bootstrapfx-core\0.4.0\bootstrapfx-core-0.4.0.jar;C:\Users\Hp\.m2\repository\org\openjfx\javafx-controls\21-ea+24\javafx-controls-21-ea+24-win.jar;C:\Users\Hp\.m2\repository\mysql\mysql-connector-java\8.0.23\mysql-connector-java-8.0.23.jar;C:\Users\Hp\.m2\repository\org\controlsfx\controlsfx\11.1.2\controlsfx-11.1.2.jar;C:\Users\Hp\.m2\repository\org\openjfx\javafx-graphics\21-ea+24\javafx-graphics-21-ea+24-win.jar;C:\Users\Hp\Desktop\OneDrive - University of Southampton\Projects\Others\RestaurantManagementSystem\target\classes com.intellij.rt.junit.JUnitStarter -ideVersion5 -junit5 com.restaurantmanagementsystem.pos.controller.OrdersControllerTest

Host: 11th Gen Intel(R) Core(TM) i5-1135G7 @ 2.40GHz, 8 cores, 7G,  Windows 11 , 64 bit Build 22621 (10.0.22621.3374)
Time: Wed Apr 24 12:45:14 2024 Malay Peninsula Standard Time elapsed time: 4.091951 seconds (0d 0h 0m 4s)

---------------  T H R E A D  ---------------

Current thread (0x000002324ce70980):  VMThread "VM Thread"          [id=17304, stack(0x0000004d86000000,0x0000004d86100000) (1024K)]

Stack: [0x0000004d86000000,0x0000004d86100000],  sp=0x0000004d860fedb0,  free space=1019k
Native frames: (J=compiled Java code, j=interpreted, Vv=VM code, C=native code)
C  [glass.dll+0x26587]


siginfo: EXCEPTION_ACCESS_VIOLATION (0xc0000005), reading address 0x0000000000000000


Registers:
RAX=0x0000000000000000, RBX=0x000002325101c092, RCX=0x000002324ce70980, RDX=0x0000004d860fedb0
RSP=0x0000004d860fedb0, RBP=0x0000023251c61c68, RSI=0x0000004d860feeb8, RDI=0x0000023251c61c40
R8 =0x0000000000010002, R9 =0x0000023251c61c40, R10=0x85f13e9656da4870, R11=0x0000004d860fed40
R12=0x00007ff86fd43ed0, R13=0x00007ff84d114720, R14=0x0000f1cafc96b039, R15=0x0000023251c61c40
RIP=0x00007ff86fd46587, EFLAGS=0x0000000000010202


Register to memory mapping:

RAX=0x0 is null
RBX=0x000002325101c092 is a global jni handle
RCX=0x000002324ce70980 points into unknown readable memory: 0x00007ff84cf26038 | 38 60 f2 4c f8 7f 00 00
RDX=0x0000004d860fedb0 points into unknown readable memory: 0x0000000000000000 | 00 00 00 00 00 00 00 00
RSP=0x0000004d860fedb0 points into unknown readable memory: 0x0000000000000000 | 00 00 00 00 00 00 00 00
RBP=0x0000023251c61c68 points into unknown readable memory: 0x0000f1cafc96b039 | 39 b0 96 fc ca f1 00 00
RSI=0x0000004d860feeb8 points into unknown readable memory: 0x0000004d860feea0 | a0 ee 0f 86 4d 00 00 00
RDI=0x0000023251c61c40 points into unknown readable memory: 0xd000f1350c49184a | 4a 18 49 0c 35 f1 00 d0
R8 =0x0000000000010002 is an unknown value
R9 =0x0000023251c61c40 points into unknown readable memory: 0xd000f1350c49184a | 4a 18 49 0c 35 f1 00 d0
R10=0x85f13e9656da4870 is an unknown value
R11=0x0000004d860fed40 points into unknown readable memory: 0x0000023251c61c40 | 40 1c c6 51 32 02 00 00
R12=0x00007ff86fd43ed0 glass.dll
R13=0x00007ff84d114720 jvm.dll
R14=0x0000f1cafc96b039 is an unknown value
R15=0x0000023251c61c40 points into unknown readable memory: 0xd000f1350c49184a | 4a 18 49 0c 35 f1 00 d0

Top of Stack: (sp=0x0000004d860fedb0)
0x0000004d860fedb0:   0000000000000000 0000004d860feeb8
0x0000004d860fedc0:   00007ff84d114720 00007ff86fd43ed0
0x0000004d860fedd0:   0000023251c61c48 00007ff8c1643a53
0x0000004d860fede0:   0000023251c61c40 0000023200000000
0x0000004d860fedf0:   0000023251c61c68 0000004d860feeb8
0x0000004d860fee00:   fffffffffffffffe 0000000000000000
0x0000004d860fee10:   0000000000000001 00007ff86fd20000
0x0000004d860fee20:   0000004d860feea8 00007ff8c161042e
0x0000004d860fee30:   0000000000000000 0000004d860feeb8
0x0000004d860fee40:   0000004d860ff1a0 0000000000000001
0x0000004d860fee50:   0000000000000001 00007ff8c160dddd
0x0000004d860fee60:   0000000000000000 00007ff86fd436c9
0x0000004d860fee70:   0000000000000000 0000004d860feea8
0x0000004d860fee80:   fffffffffffffffe 0000004d860ff100
0x0000004d860fee90:   0000000000000000 00007ff86fd43d5d
0x0000004d860feea0:   00007ff86fd5a008 00007ff800000002
0x0000004d860feeb0:   0000000000000002 0000004d860feea0
0x0000004d860feec0:   0000000000000000 00007ff8c3d38603
0x0000004d860feed0:   0000000000000000 00007ff86fd43e82
0x0000004d860feee0:   0000000000000001 0000000000000001
0x0000004d860feef0:   0000000000000000 0000000000000001
0x0000004d860fef00:   0000000000000001 00007ff8c0742223
0x0000004d860fef10:   00007ff800000001 0000000000000000
0x0000004d860fef20:   00007ff86fd20000 000000007ffe0384
0x0000004d860fef30:   0000000000000000 00007ff8c3d3869f
0x0000004d860fef40:   00007ff86fd20000 0000000000000000
0x0000004d860fef50:   0000000000000001 000000007ffe0385
0x0000004d860fef60:   00007ff8c3e46a20 00007ff8aba5cb00
0x0000004d860fef70:   0000b350de72cf00 00007ff8aa610000
0x0000004d860fef80:   00007ff86fd43ed0 0000000000000000
0x0000004d860fef90:   0000000000000000 0000004d854dd000
0x0000004d860fefa0:   0000023251c54910 00007ff8c3d610a6 

Instructions: (pc=0x00007ff86fd46587)
0x00007ff86fd46487:   8b 4d 58 e8 8d cf ff ff 48 8b 4d 60 e8 84 cf ff
0x00007ff86fd46497:   ff 48 8b 95 80 00 00 00 48 8b 8d 18 01 00 00 e8
0x00007ff86fd464a7:   76 c4 ff ff 33 d2 33 c9 e8 cc e1 ff ff 90 48 89
0x00007ff86fd464b7:   54 24 10 55 48 83 ec 20 48 8b ea 48 b8 00 00 00
0x00007ff86fd464c7:   00 00 00 00 00 48 83 c4 20 5d c3 cc 40 55 48 8b
0x00007ff86fd464d7:   ea 48 8b 01 33 c9 81 38 05 00 00 c0 0f 94 c1 8b
0x00007ff86fd464e7:   c1 5d c3 cc 40 55 48 83 ec 20 48 8b ea 8a 4d 40
0x00007ff86fd464f7:   48 83 c4 20 5d e9 73 d3 ff ff cc 40 55 48 83 ec
0x00007ff86fd46507:   20 48 8b ea 8a 4d 20 e8 61 d3 ff ff 90 48 83 c4
0x00007ff86fd46517:   20 5d c3 cc 40 55 48 83 ec 20 48 8b ea 48 83 c4
0x00007ff86fd46527:   20 5d e9 c2 d1 ff ff cc 40 55 48 83 ec 30 48 8b
0x00007ff86fd46537:   ea 48 8b 01 8b 10 48 89 4c 24 28 89 54 24 20 4c
0x00007ff86fd46547:   8d 0d 63 d6 ff ff 4c 8b 45 70 8b 55 68 48 8b 4d
0x00007ff86fd46557:   60 e8 03 d1 ff ff 90 48 83 c4 30 5d c3 cc cc cc
0x00007ff86fd46567:   cc cc cc cc cc cc cc cc cc 40 53 48 83 ec 20 48
0x00007ff86fd46577:   8b 1d 8b 34 01 00 48 85 db 74 16 e8 89 8f ff ff
0x00007ff86fd46587:   4c 8b 00 48 8b d3 48 8b c8 41 ff 90 b0 00 00 00
0x00007ff86fd46597:   90 48 83 c4 20 5b c3 cc cc 40 53 48 83 ec 20 48
0x00007ff86fd465a7:   8b 1d fb 35 01 00 48 85 db 74 57 b8 ff ff ff ff
0x00007ff86fd465b7:   f0 0f c1 43 10 83 f8 01 75 3d 48 85 db 74 38 48
0x00007ff86fd465c7:   8b 0b 48 85 c9 74 0d ff 15 d4 0c 00 00 48 c7 03
0x00007ff86fd465d7:   00 00 00 00 48 8b 4b 08 48 85 c9 74 0d e8 33 ce
0x00007ff86fd465e7:   ff ff 48 c7 43 08 00 00 00 00 ba 18 00 00 00 48
0x00007ff86fd465f7:   8b cb e8 1e ce ff ff 48 c7 05 9f 35 01 00 00 00
0x00007ff86fd46607:   00 00 48 83 c4 20 5b c3 cc 40 53 48 83 ec 20 48
0x00007ff86fd46617:   8b 1d 6b 35 01 00 48 85 db 74 57 b8 ff ff ff ff
0x00007ff86fd46627:   f0 0f c1 43 10 83 f8 01 75 3d 48 85 db 74 38 48
0x00007ff86fd46637:   8b 0b 48 85 c9 74 0d ff 15 64 0c 00 00 48 c7 03
0x00007ff86fd46647:   00 00 00 00 48 8b 4b 08 48 85 c9 74 0d e8 c3 cd
0x00007ff86fd46657:   ff ff 48 c7 43 08 00 00 00 00 ba 18 00 00 00 48
0x00007ff86fd46667:   8b cb e8 ae cd ff ff 48 c7 05 0f 35 01 00 00 00
0x00007ff86fd46677:   00 00 48 83 c4 20 5b c3 cc 40 53 48 83 ec 20 48 


Stack slot to memory mapping:

stack at sp + 0 slots: 0x0 is null
stack at sp + 1 slots: 0x0000004d860feeb8 points into unknown readable memory: 0x0000004d860feea0 | a0 ee 0f 86 4d 00 00 00
stack at sp + 2 slots: 0x00007ff84d114720 jvm.dll
stack at sp + 3 slots: 0x00007ff86fd43ed0 glass.dll
stack at sp + 4 slots: 0x0000023251c61c48 points into unknown readable memory: 0x0000f1cafc96b039 | 39 b0 96 fc ca f1 00 00
stack at sp + 5 slots: 0x00007ff8c1643a53 ucrtbase.dll
stack at sp + 6 slots: 0x0000023251c61c40 points into unknown readable memory: 0xd000f1350c49184a | 4a 18 49 0c 35 f1 00 d0
stack at sp + 7 slots: 0x0000023200000000 is an unknown value

VM_Operation (0x0000004d859ff500): Exit, mode: safepoint, requested by thread 0x000002322e45a920


---------------  P R O C E S S  ---------------

Threads class SMR info:
_java_thread_list=0x000002325232c6c0, length=18, elements={
0x000002322e45a920, 0x0000023251073f70, 0x00000232510749d0, 0x0000023251060f80,
0x0000023251057ee0, 0x0000023251086f90, 0x0000023251089b20, 0x000002325108bd40,
0x0000023251090bc0, 0x0000023251088770, 0x0000023251088e00, 0x0000023251089490,
0x000002325108a1b0, 0x000002325108aed0, 0x000002325108a840, 0x0000023251087a50,
0x00000232510880e0, 0x0000023252a5a350
}

Java Threads: ( => current thread )
  0x000002322e45a920 JavaThread "main"                              [_thread_blocked, id=1964, stack(0x0000004d85900000,0x0000004d85a00000) (1024K)]
  0x0000023251073f70 JavaThread "Reference Handler"          daemon [_thread_blocked, id=3884, stack(0x0000004d86100000,0x0000004d86200000) (1024K)]
  0x00000232510749d0 JavaThread "Finalizer"                  daemon [_thread_blocked, id=13080, stack(0x0000004d86200000,0x0000004d86300000) (1024K)]
  0x0000023251060f80 JavaThread "Signal Dispatcher"          daemon [_thread_blocked, id=15912, stack(0x0000004d86300000,0x0000004d86400000) (1024K)]
  0x0000023251057ee0 JavaThread "Attach Listener"            daemon [_thread_blocked, id=18464, stack(0x0000004d86400000,0x0000004d86500000) (1024K)]
  0x0000023251086f90 JavaThread "Service Thread"             daemon [_thread_blocked, id=4748, stack(0x0000004d86500000,0x0000004d86600000) (1024K)]
  0x0000023251089b20 JavaThread "Monitor Deflation Thread"   daemon [_thread_blocked, id=10180, stack(0x0000004d86600000,0x0000004d86700000) (1024K)]
  0x000002325108bd40 JavaThread "C2 CompilerThread0"         daemon [_thread_blocked, id=5048, stack(0x0000004d86700000,0x0000004d86800000) (1024K)]
  0x0000023251090bc0 JavaThread "C1 CompilerThread0"         daemon [_thread_blocked, id=17920, stack(0x0000004d86800000,0x0000004d86900000) (1024K)]
  0x0000023251088770 JavaThread "Common-Cleaner"             daemon [_thread_blocked, id=17888, stack(0x0000004d86900000,0x0000004d86a00000) (1024K)]
  0x0000023251088e00 JavaThread "Monitor Ctrl-Break"         daemon [_thread_in_native, id=3104, stack(0x0000004d86c00000,0x0000004d86d00000) (1024K)]
  0x0000023251089490 JavaThread "Notification Thread"        daemon [_thread_blocked, id=5576, stack(0x0000004d86d00000,0x0000004d86e00000) (1024K)]
  0x000002325108a1b0 JavaThread "QuantumRenderer-0"          daemon [_thread_blocked, id=17776, stack(0x0000004d87300000,0x0000004d87400000) (1024K)]
  0x000002325108aed0 JavaThread "InvokeLaterDispatcher"      daemon [_thread_blocked, id=9984, stack(0x0000004d87400000,0x0000004d87500000) (1024K)]
  0x000002325108a840 JavaThread "JavaFX Application Thread"         [_thread_blocked, id=19184, stack(0x0000004d87500000,0x0000004d87600000) (1024K)]
  0x0000023251087a50 JavaThread "Thread-1"                   daemon [_thread_in_native, id=1600, stack(0x0000004d87900000,0x0000004d87a00000) (1024K)]
  0x00000232510880e0 JavaThread "Prism Font Disposer"        daemon [_thread_blocked, id=7228, stack(0x0000004d88000000,0x0000004d88100000) (1024K)]
  0x0000023252a5a350 JavaThread "Cleaner-0"                  daemon [_thread_blocked, id=19360, stack(0x0000004d88100000,0x0000004d88200000) (1024K)]
Total: 18

Other Threads:
=>0x000002324ce70980 VMThread "VM Thread"                           [id=17304, stack(0x0000004d86000000,0x0000004d86100000) (1024K)]
  0x00000232305f7b50 WorkerThread "GC Thread#0"                     [id=17876, stack(0x0000004d85a00000,0x0000004d85b00000) (1024K)]
  0x0000023251a91ba0 WorkerThread "GC Thread#1"                     [id=16580, stack(0x0000004d86e00000,0x0000004d86f00000) (1024K)]
  0x0000023251ac5db0 WorkerThread "GC Thread#2"                     [id=10968, stack(0x0000004d86f00000,0x0000004d87000000) (1024K)]
  0x0000023251be5410 WorkerThread "GC Thread#3"                     [id=18908, stack(0x0000004d87000000,0x0000004d87100000) (1024K)]
  0x0000023251be5bb0 WorkerThread "GC Thread#4"                     [id=3188, stack(0x0000004d87100000,0x0000004d87200000) (1024K)]
  0x0000023251be7f60 WorkerThread "GC Thread#5"                     [id=13964, stack(0x0000004d87200000,0x0000004d87300000) (1024K)]
  0x00000232526b5ae0 WorkerThread "GC Thread#6"                     [id=7392, stack(0x0000004d87a00000,0x0000004d87b00000) (1024K)]
  0x00000232526b5740 WorkerThread "GC Thread#7"                     [id=18392, stack(0x0000004d87b00000,0x0000004d87c00000) (1024K)]
  0x0000023230608250 ConcurrentGCThread "G1 Main Marker"            terminated
  0x0000023230609010 WorkerThread "G1 Conc#0"                       [id=6248, stack(0x0000004d85c00000,0x0000004d85d00000) (1024K)]
  0x00000232526b6220 WorkerThread "G1 Conc#1"                       [id=7308, stack(0x0000004d87c00000,0x0000004d87d00000) (1024K)]
  0x000002324ccf3570 ConcurrentGCThread "G1 Refine#0"               terminated
  0x000002324ccf41a0 ConcurrentGCThread "G1 Service"                terminated
Total: 14

Threads with active compile tasks:
C2 CompilerThread0     4194 2516       4       java.lang.String::<init> (99 bytes)
Total: 1

VM state: at safepoint (shutting down)

VM Mutex/Monitor currently owned by a thread:  ([mutex/lock_event])
[0x00007ff84d0ecd68] Threads_lock - owner thread: 0x000002324ce70980
[0x00007ff84d0ece68] Heap_lock - owner thread: 0x000002322e45a920

Heap address: 0x0000000083a00000, size: 1990 MB, Compressed Oops mode: 32-bit

CDS archive(s) not mapped
Compressed class space mapped at: 0x0000000100000000-0x0000000140000000, reserved size: 1073741824
Narrow klass base: 0x0000000000000000, Narrow klass shift: 3, Narrow klass range: 0x140000000

GC Precious Log:
 CardTable entry size: 512
 Card Set container configuration: InlinePtr #cards 5 size 8 Array Of Cards #cards 12 size 40 Howl #buckets 4 coarsen threshold 1843 Howl Bitmap #cards 512 size 80 coarsen threshold 460 Card regions per heap region 1 cards per card region 2048
 CPUs: 8 total, 8 available
 Memory: 7957M
 Large Page Support: Disabled
 NUMA Support: Disabled
 Compressed Oops: Enabled (32-bit)
 Heap Region Size: 1M
 Heap Min Capacity: 8M
 Heap Initial Capacity: 126M
 Heap Max Capacity: 1990M
 Pre-touch: Disabled
 Parallel Workers: 8
 Concurrent Workers: 2
 Concurrent Refinement Workers: 8
 Periodic GC: Disabled

Heap:
 garbage-first heap   total 32768K, used 15178K [0x0000000083a00000, 0x0000000100000000)
  region size 1024K, 11 young (11264K), 5 survivors (5120K)
 Metaspace       used 25924K, committed 26240K, reserved 1114112K
  class space    used 3221K, committed 3392K, reserved 1048576K

Heap Regions: E=young(eden), S=young(survivor), O=old, HS=humongous(starts), HC=humongous(continues), CS=collection set, F=free, TAMS=top-at-mark-start, PB=parsable bottom
|   0|0x0000000083a00000, 0x0000000083b00000, 0x0000000083b00000|100%| O|  |TAMS 0x0000000083a00000| PB 0x0000000083a00000| Untracked 
|   1|0x0000000083b00000, 0x0000000083c00000, 0x0000000083c00000|100%| O|  |TAMS 0x0000000083b00000| PB 0x0000000083b00000| Untracked 
|   2|0x0000000083c00000, 0x0000000083cd2850, 0x0000000083d00000| 82%| O|Cm|TAMS 0x0000000083c00000| PB 0x0000000083c00000| Complete 
|   3|0x0000000083d00000, 0x0000000083e00000, 0x0000000083e00000|100%|HS|  |TAMS 0x0000000083d00000| PB 0x0000000083d00000| Complete 
|   4|0x0000000083e00000, 0x0000000083f00000, 0x0000000083f00000|100%|HC|  |TAMS 0x0000000083e00000| PB 0x0000000083e00000| Complete 
|   5|0x0000000083f00000, 0x0000000083f00000, 0x0000000084000000|  0%| F|  |TAMS 0x0000000083f00000| PB 0x0000000083f00000| Untracked 
|   6|0x0000000084000000, 0x0000000084000000, 0x0000000084100000|  0%| F|  |TAMS 0x0000000084000000| PB 0x0000000084000000| Untracked 
|   7|0x0000000084100000, 0x0000000084100000, 0x0000000084200000|  0%| F|  |TAMS 0x0000000084100000| PB 0x0000000084100000| Untracked 
|   8|0x0000000084200000, 0x0000000084200000, 0x0000000084300000|  0%| F|  |TAMS 0x0000000084200000| PB 0x0000000084200000| Untracked 
|   9|0x0000000084300000, 0x0000000084300000, 0x0000000084400000|  0%| F|  |TAMS 0x0000000084300000| PB 0x0000000084300000| Untracked 
|  10|0x0000000084400000, 0x0000000084400000, 0x0000000084500000|  0%| F|  |TAMS 0x0000000084400000| PB 0x0000000084400000| Untracked 
|  11|0x0000000084500000, 0x0000000084500000, 0x0000000084600000|  0%| F|  |TAMS 0x0000000084500000| PB 0x0000000084500000| Untracked 
|  12|0x0000000084600000, 0x0000000084600000, 0x0000000084700000|  0%| F|  |TAMS 0x0000000084600000| PB 0x0000000084600000| Untracked 
|  13|0x0000000084700000, 0x0000000084700000, 0x0000000084800000|  0%| F|  |TAMS 0x0000000084700000| PB 0x0000000084700000| Untracked 
|  14|0x0000000084800000, 0x0000000084800000, 0x0000000084900000|  0%| F|  |TAMS 0x0000000084800000| PB 0x0000000084800000| Untracked 
|  15|0x0000000084900000, 0x0000000084900000, 0x0000000084a00000|  0%| F|  |TAMS 0x0000000084900000| PB 0x0000000084900000| Untracked 
|  16|0x0000000084a00000, 0x0000000084a00000, 0x0000000084b00000|  0%| F|  |TAMS 0x0000000084a00000| PB 0x0000000084a00000| Untracked 
|  17|0x0000000084b00000, 0x0000000084b00000, 0x0000000084c00000|  0%| F|  |TAMS 0x0000000084b00000| PB 0x0000000084b00000| Untracked 
|  18|0x0000000084c00000, 0x0000000084c00000, 0x0000000084d00000|  0%| F|  |TAMS 0x0000000084c00000| PB 0x0000000084c00000| Untracked 
|  19|0x0000000084d00000, 0x0000000084d00000, 0x0000000084e00000|  0%| F|  |TAMS 0x0000000084d00000| PB 0x0000000084d00000| Untracked 
|  20|0x0000000084e00000, 0x0000000084e00000, 0x0000000084f00000|  0%| F|  |TAMS 0x0000000084e00000| PB 0x0000000084e00000| Untracked 
|  21|0x0000000084f00000, 0x0000000084f94ff0, 0x0000000085000000| 58%| E|  |TAMS 0x0000000084f00000| PB 0x0000000084f00000| Complete 
|  22|0x0000000085000000, 0x0000000085100000, 0x0000000085100000|100%| S|CS|TAMS 0x0000000085000000| PB 0x0000000085000000| Complete 
|  23|0x0000000085100000, 0x0000000085200000, 0x0000000085200000|100%| S|CS|TAMS 0x0000000085100000| PB 0x0000000085100000| Complete 
|  24|0x0000000085200000, 0x0000000085300000, 0x0000000085300000|100%| S|CS|TAMS 0x0000000085200000| PB 0x0000000085200000| Complete 
|  25|0x0000000085300000, 0x0000000085400000, 0x0000000085400000|100%| S|CS|TAMS 0x0000000085300000| PB 0x0000000085300000| Complete 
|  26|0x0000000085400000, 0x0000000085500000, 0x0000000085500000|100%| S|CS|TAMS 0x0000000085400000| PB 0x0000000085400000| Complete 
|  89|0x0000000089300000, 0x0000000089400000, 0x0000000089400000|100%| E|CS|TAMS 0x0000000089300000| PB 0x0000000089300000| Complete 
|  90|0x0000000089400000, 0x0000000089500000, 0x0000000089500000|100%| E|CS|TAMS 0x0000000089400000| PB 0x0000000089400000| Complete 
|  91|0x0000000089500000, 0x0000000089600000, 0x0000000089600000|100%| E|CS|TAMS 0x0000000089500000| PB 0x0000000089500000| Complete 
|  92|0x0000000089600000, 0x0000000089700000, 0x0000000089700000|100%| E|CS|TAMS 0x0000000089600000| PB 0x0000000089600000| Complete 
| 125|0x000000008b700000, 0x000000008b800000, 0x000000008b800000|100%| E|CS|TAMS 0x000000008b700000| PB 0x000000008b700000| Complete 

Card table byte_map: [0x0000023248110000,0x0000023248500000] _byte_map_base: 0x0000023247cf3000

Marking Bits: (CMBitMap*) 0x00000232305f7f00
 Bits: [0x0000023248500000, 0x000002324a418000)

Polling page: 0x000002322fd60000

Metaspace:

Usage:
  Non-class:     22.17 MB used.
      Class:      3.15 MB used.
       Both:     25.32 MB used.

Virtual space:
  Non-class space:       64.00 MB reserved,      22.31 MB ( 35%) committed,  1 nodes.
      Class space:        1.00 GB reserved,       3.31 MB ( <1%) committed,  1 nodes.
             Both:        1.06 GB reserved,      25.62 MB (  2%) committed. 

Chunk freelists:
   Non-Class:  9.47 MB
       Class:  12.55 MB
        Both:  22.02 MB

MaxMetaspaceSize: unlimited
CompressedClassSpaceSize: 1.00 GB
Initial GC threshold: 21.00 MB
Current GC threshold: 35.12 MB
CDS: off
 - commit_granule_bytes: 65536.
 - commit_granule_words: 8192.
 - virtual_space_node_default_size: 8388608.
 - enlarge_chunks_in_place: 1.
 - use_allocation_guard: 0.


Internal statistics:

num_allocs_failed_limit: 3.
num_arena_births: 264.
num_arena_deaths: 0.
num_vsnodes_births: 2.
num_vsnodes_deaths: 0.
num_space_committed: 410.
num_space_uncommitted: 0.
num_chunks_returned_to_freelist: 3.
num_chunks_taken_from_freelist: 865.
num_chunk_merges: 3.
num_chunk_splits: 556.
num_chunks_enlarged: 400.
num_inconsistent_stats: 0.

CodeHeap 'non-profiled nmethods': size=120000Kb used=1134Kb max_used=1134Kb free=118865Kb
 bounds [0x00000232404c0000, 0x0000023240730000, 0x00000232479f0000]
CodeHeap 'profiled nmethods': size=120000Kb used=4421Kb max_used=4421Kb free=115578Kb
 bounds [0x00000232389f0000, 0x0000023238e50000, 0x000002323ff20000]
CodeHeap 'non-nmethods': size=5760Kb used=2030Kb max_used=2043Kb free=3729Kb
 bounds [0x000002323ff20000, 0x0000023240190000, 0x00000232404c0000]
 total_blobs=3331 nmethods=2515 adapters=720
 compilation: enabled
              stopped_count=0, restarted_count=0
 full_count=0

Compilation events (20 events):
Event: 3.735 Thread 0x000002325108bd40 nmethod 2506 0x00000232405dab10 code [0x00000232405daca0, 0x00000232405dae20]
Event: 3.735 Thread 0x0000023251090bc0 2507       1       com.intellij.rt.execution.junit.MapSerializerUtil$1::escapeCharacter (3 bytes)
Event: 3.735 Thread 0x0000023251090bc0 nmethod 2507 0x00000232405dae90 code [0x00000232405db020, 0x00000232405db0e8]
Event: 3.736 Thread 0x0000023251090bc0 2509       3       jdk.internal.org.objectweb.asm.AnnotationWriter::create (34 bytes)
Event: 3.737 Thread 0x0000023251090bc0 nmethod 2509 0x0000023238e3ef90 code [0x0000023238e3f1a0, 0x0000023238e3f648]
Event: 3.737 Thread 0x0000023251090bc0 2510       3       jdk.internal.org.objectweb.asm.AnnotationWriter::<init> (60 bytes)
Event: 3.737 Thread 0x0000023251090bc0 nmethod 2510 0x0000023238e3f890 code [0x0000023238e3fa60, 0x0000023238e3fe50]
Event: 3.737 Thread 0x0000023251090bc0 2511       3       jdk.internal.org.objectweb.asm.AnnotationVisitor::<init> (7 bytes)
Event: 3.737 Thread 0x0000023251090bc0 nmethod 2511 0x0000023238e3ff90 code [0x0000023238e40140, 0x0000023238e40288]
Event: 3.737 Thread 0x0000023251090bc0 2512       3       jdk.internal.org.objectweb.asm.AnnotationVisitor::<init> (78 bytes)
Event: 3.737 Thread 0x0000023251090bc0 nmethod 2512 0x0000023238e40310 code [0x0000023238e40560, 0x0000023238e40d20]
Event: 3.737 Thread 0x0000023251090bc0 2513       3       jdk.internal.org.objectweb.asm.AnnotationWriter::visitEnd (44 bytes)
Event: 3.737 Thread 0x0000023251090bc0 nmethod 2513 0x0000023238e41010 code [0x0000023238e411c0, 0x0000023238e41360]
Event: 3.737 Thread 0x0000023251090bc0 2508       1       java.lang.invoke.InvokerBytecodeGenerator::setClassWriter (6 bytes)
Event: 3.737 Thread 0x0000023251090bc0 nmethod 2508 0x00000232405db190 code [0x00000232405db320, 0x00000232405db430]
Event: 3.737 Thread 0x0000023251090bc0 2514       1       java.lang.Class::getClassData (5 bytes)
Event: 3.737 Thread 0x0000023251090bc0 nmethod 2514 0x00000232405db490 code [0x00000232405db620, 0x00000232405db6e8]
Event: 3.742 Thread 0x0000023251090bc0 2515       1       java.util.concurrent.CopyOnWriteArrayList::getArray (5 bytes)
Event: 3.742 Thread 0x0000023251090bc0 nmethod 2515 0x00000232405db790 code [0x00000232405db920, 0x00000232405db9e8]
Event: 3.743 Thread 0x000002325108bd40 2516       4       java.lang.String::<init> (99 bytes)

GC Heap History (6 events):
Event: 0.743 GC heap before
{Heap before GC invocations=0 (full 0):
 garbage-first heap   total 129024K, used 22528K [0x0000000083a00000, 0x0000000100000000)
  region size 1024K, 23 young (23552K), 0 survivors (0K)
 Metaspace       used 14008K, committed 14208K, reserved 1114112K
  class space    used 1443K, committed 1536K, reserved 1048576K
}
Event: 0.748 GC heap after
{Heap after GC invocations=1 (full 0):
 garbage-first heap   total 129024K, used 3093K [0x0000000083a00000, 0x0000000100000000)
  region size 1024K, 3 young (3072K), 3 survivors (3072K)
 Metaspace       used 14008K, committed 14208K, reserved 1114112K
  class space    used 1443K, committed 1536K, reserved 1048576K
}
Event: 1.285 GC heap before
{Heap before GC invocations=1 (full 0):
 garbage-first heap   total 129024K, used 31765K [0x0000000083a00000, 0x0000000100000000)
  region size 1024K, 33 young (33792K), 3 survivors (3072K)
 Metaspace       used 21249K, committed 21504K, reserved 1114112K
  class space    used 2483K, committed 2624K, reserved 1048576K
}
Event: 1.291 GC heap after
{Heap after GC invocations=2 (full 0):
 garbage-first heap   total 129024K, used 6579K [0x0000000083a00000, 0x0000000100000000)
  region size 1024K, 4 young (4096K), 4 survivors (4096K)
 Metaspace       used 21249K, committed 21504K, reserved 1114112K
  class space    used 2483K, committed 2624K, reserved 1048576K
}
Event: 1.656 GC heap before
{Heap before GC invocations=3 (full 0):
 garbage-first heap   total 27648K, used 26035K [0x0000000083a00000, 0x0000000100000000)
  region size 1024K, 24 young (24576K), 4 survivors (4096K)
 Metaspace       used 25109K, committed 25408K, reserved 1114112K
  class space    used 3160K, committed 3328K, reserved 1048576K
}
Event: 1.660 GC heap after
{Heap after GC invocations=4 (full 0):
 garbage-first heap   total 32768K, used 8010K [0x0000000083a00000, 0x0000000100000000)
  region size 1024K, 5 young (5120K), 5 survivors (5120K)
 Metaspace       used 25109K, committed 25408K, reserved 1114112K
  class space    used 3160K, committed 3328K, reserved 1048576K
}

Dll operation events (20 events):
Event: 0.866 Loaded shared library C:\Users\Hp\.openjfx\cache\21-ea+null\amd64\api-ms-win-crt-heap-l1-1-0.dll
Event: 0.869 Loaded shared library C:\Users\Hp\.openjfx\cache\21-ea+null\amd64\api-ms-win-crt-locale-l1-1-0.dll
Event: 0.871 Loaded shared library C:\Users\Hp\.openjfx\cache\21-ea+null\amd64\api-ms-win-crt-math-l1-1-0.dll
Event: 0.874 Loaded shared library C:\Users\Hp\.openjfx\cache\21-ea+null\amd64\api-ms-win-crt-multibyte-l1-1-0.dll
Event: 0.876 Loaded shared library C:\Users\Hp\.openjfx\cache\21-ea+null\amd64\api-ms-win-crt-private-l1-1-0.dll
Event: 0.878 Loaded shared library C:\Users\Hp\.openjfx\cache\21-ea+null\amd64\api-ms-win-crt-process-l1-1-0.dll
Event: 0.880 Loaded shared library C:\Users\Hp\.openjfx\cache\21-ea+null\amd64\api-ms-win-crt-runtime-l1-1-0.dll
Event: 0.882 Loaded shared library C:\Users\Hp\.openjfx\cache\21-ea+null\amd64\api-ms-win-crt-stdio-l1-1-0.dll
Event: 0.884 Loaded shared library C:\Users\Hp\.openjfx\cache\21-ea+null\amd64\api-ms-win-crt-string-l1-1-0.dll
Event: 0.885 Loaded shared library C:\Users\Hp\.openjfx\cache\21-ea+null\amd64\api-ms-win-crt-time-l1-1-0.dll
Event: 0.887 Loaded shared library C:\Users\Hp\.openjfx\cache\21-ea+null\amd64\api-ms-win-crt-utility-l1-1-0.dll
Event: 0.899 Loaded shared library C:\Users\Hp\.openjfx\cache\21-ea+null\amd64\ucrtbase.dll
Event: 0.902 Loaded shared library C:\Users\Hp\.openjfx\cache\21-ea+null\amd64\vcruntime140.dll
Event: 0.903 Loaded shared library C:\Users\Hp\.openjfx\cache\21-ea+null\amd64\vcruntime140_1.dll
Event: 0.910 Loaded shared library C:\Users\Hp\.openjfx\cache\21-ea+null\amd64\msvcp140.dll
Event: 0.912 Loaded shared library C:\Users\Hp\.openjfx\cache\21-ea+null\amd64\msvcp140_1.dll
Event: 0.915 Loaded shared library C:\Users\Hp\.openjfx\cache\21-ea+null\amd64\msvcp140_2.dll
Event: 0.942 Loaded shared library C:\Users\Hp\.openjfx\cache\21-ea+null\amd64\prism_d3d.dll
Event: 0.984 Loaded shared library C:\Users\Hp\.openjfx\cache\21-ea+null\amd64\glass.dll
Event: 1.149 Loaded shared library C:\Users\Hp\.openjfx\cache\21-ea+null\amd64\javafx_font.dll

Deoptimization events (20 events):
Event: 1.517 Thread 0x000002325108a840 Uncommon trap: trap_request=0xffffff45 fr.pc=0x0000023240565494 relative=0x00000000000001f4
Event: 1.517 Thread 0x000002325108a840 Uncommon trap: reason=unstable_if action=reinterpret pc=0x0000023240565494 method=java.io.ByteArrayInputStream.read()I @ 8 c2
Event: 1.517 Thread 0x000002325108a840 DEOPT PACKING pc=0x0000023240565494 sp=0x0000004d875fbd60
Event: 1.517 Thread 0x000002325108a840 DEOPT UNPACKING pc=0x000002323ff77da2 sp=0x0000004d875fbd08 mode 2
Event: 1.589 Thread 0x000002325108a1b0 Uncommon trap: trap_request=0xffffffde fr.pc=0x000002324055e544 relative=0x0000000000000b64
Event: 1.589 Thread 0x000002325108a1b0 Uncommon trap: reason=class_check action=maybe_recompile pc=0x000002324055e544 method=java.io.BufferedInputStream.implRead([BII)I @ 100 c2
Event: 1.589 Thread 0x000002325108a1b0 DEOPT PACKING pc=0x000002324055e544 sp=0x0000004d873fdce0
Event: 1.589 Thread 0x000002325108a1b0 DEOPT UNPACKING pc=0x000002323ff77da2 sp=0x0000004d873fdcc8 mode 2
Event: 1.589 Thread 0x000002325108a1b0 Uncommon trap: trap_request=0xffffff45 fr.pc=0x000002324055e284 relative=0x00000000000008a4
Event: 1.589 Thread 0x000002325108a1b0 Uncommon trap: reason=unstable_if action=reinterpret pc=0x000002324055e284 method=java.io.BufferedInputStream.implRead([BII)I @ 55 c2
Event: 1.589 Thread 0x000002325108a1b0 DEOPT PACKING pc=0x000002324055e284 sp=0x0000004d873fdce0
Event: 1.589 Thread 0x000002325108a1b0 DEOPT UNPACKING pc=0x000002323ff77da2 sp=0x0000004d873fdcc8 mode 2
Event: 1.783 Thread 0x000002325108a1b0 DEOPT PACKING pc=0x0000023238dbfe9f sp=0x0000004d873fd900
Event: 1.783 Thread 0x000002325108a1b0 DEOPT UNPACKING pc=0x000002323ff788e2 sp=0x0000004d873fcd58 mode 0
Event: 1.785 Thread 0x000002325108a1b0 DEOPT PACKING pc=0x0000023238dbfe9f sp=0x0000004d873fd900
Event: 1.785 Thread 0x000002325108a1b0 DEOPT UNPACKING pc=0x000002323ff788e2 sp=0x0000004d873fcd58 mode 0
Event: 3.735 Thread 0x000002322e45a920 Uncommon trap: trap_request=0xffffff45 fr.pc=0x00000232405298f4 relative=0x0000000000000154
Event: 3.735 Thread 0x000002322e45a920 Uncommon trap: reason=unstable_if action=reinterpret pc=0x00000232405298f4 method=com.intellij.rt.execution.junit.MapSerializerUtil$1.escape(C)C @ 1 c2
Event: 3.735 Thread 0x000002322e45a920 DEOPT PACKING pc=0x00000232405298f4 sp=0x0000004d859fd5c0
Event: 3.735 Thread 0x000002322e45a920 DEOPT UNPACKING pc=0x000002323ff77da2 sp=0x0000004d859fd550 mode 2

Classes loaded (20 events):
Event: 3.734 Loading class java/lang/Throwable$PrintStreamOrWriter done
Event: 3.734 Loading class java/lang/Throwable$WrappedPrintWriter done
Event: 3.734 Loading class java/lang/StackTraceElement$HashedModules
Event: 3.734 Loading class java/lang/StackTraceElement$HashedModules done
Event: 3.739 Loading class java/util/concurrent/CompletableFuture
Event: 3.740 Loading class java/util/concurrent/CompletionStage
Event: 3.740 Loading class java/util/concurrent/CompletionStage done
Event: 3.740 Loading class java/util/concurrent/CompletableFuture done
Event: 3.740 Loading class java/util/concurrent/CompletableFuture$AltResult
Event: 3.740 Loading class java/util/concurrent/CompletableFuture$AltResult done
Event: 3.740 Loading class java/util/concurrent/CompletableFuture$Completion
Event: 3.740 Loading class java/util/concurrent/CompletableFuture$AsynchronousCompletionTask
Event: 3.740 Loading class java/util/concurrent/CompletableFuture$AsynchronousCompletionTask done
Event: 3.740 Loading class java/util/concurrent/ForkJoinTask
Event: 3.741 Loading class java/util/concurrent/ForkJoinTask done
Event: 3.741 Loading class java/util/concurrent/CompletableFuture$Completion done
Event: 3.742 Loading class java/util/IdentityHashMap$KeyIterator
Event: 3.742 Loading class java/util/IdentityHashMap$IdentityHashMapIterator
Event: 3.742 Loading class java/util/IdentityHashMap$IdentityHashMapIterator done
Event: 3.742 Loading class java/util/IdentityHashMap$KeyIterator done

Classes unloaded (0 events):
No events

Classes redefined (0 events):
No events

Internal exceptions (20 events):
Event: 1.068 Thread 0x000002325108a840 Exception <a 'sun/nio/fs/WindowsException'{0x000000008aba7da8}> (0x000000008aba7da8) 
thrown [s\open\src\hotspot\share\prims\jni.cpp, line 520]
Event: 1.101 Thread 0x000002325108a840 Exception <a 'java/lang/NoSuchMethodError'{0x000000008a8eee90}: 'java.lang.Object java.lang.invoke.DirectMethodHandle$Holder.invokeStaticInit(java.lang.Object, java.lang.Object, java.lang.Object, java.lang.Object)'> (0x000000008a8eee90) 
thrown [s\open\src\hotspot\share\interpreter\linkResolver.cpp, line 773]
Event: 1.102 Thread 0x000002325108a840 Exception <a 'java/lang/NullPointerException'{0x000000008a8fb2b0}> (0x000000008a8fb2b0) 
thrown [s\open\src\hotspot\share\interpreter\linkResolver.cpp, line 1372]
Event: 1.117 Thread 0x000002325108a840 Exception <a 'java/lang/ClassNotFoundException'{0x000000008a76d8a8}: com/sun/glass/ui/win/themes> (0x000000008a76d8a8) 
thrown [s\open\src\hotspot\share\prims\jni.cpp, line 539]
Event: 1.118 Thread 0x000002325108a840 Exception <a 'java/lang/ClassNotFoundException'{0x000000008a778ca0}: com/sun/glass/ui/win/themes_en> (0x000000008a778ca0) 
thrown [s\open\src\hotspot\share\prims\jni.cpp, line 539]
Event: 1.119 Thread 0x000002325108a840 Exception <a 'java/lang/ClassNotFoundException'{0x000000008a780858}: com/sun/glass/ui/win/themes_en_MY> (0x000000008a780858) 
thrown [s\open\src\hotspot\share\prims\jni.cpp, line 539]
Event: 1.214 Thread 0x000002325108a840 Exception <a 'java/lang/NoSuchMethodError'{0x0000000089d6b1a8}: 'void java.lang.invoke.DirectMethodHandle$Holder.invokeStaticInit(java.lang.Object, java.lang.Object)'> (0x0000000089d6b1a8) 
thrown [s\open\src\hotspot\share\interpreter\linkResolver.cpp, line 773]
Event: 1.254 Thread 0x000002325108a840 Exception <a 'sun/nio/fs/WindowsException'{0x0000000089a72d18}> (0x0000000089a72d18) 
thrown [s\open\src\hotspot\share\prims\jni.cpp, line 520]
Event: 1.332 Thread 0x000002325108a840 Implicit null exception at 0x000002324054f1e6 to 0x000002324054f286
Event: 1.343 Thread 0x000002325108a840 Implicit null exception at 0x000002324056483a to 0x0000023240564aa4
Event: 1.347 Thread 0x000002325108a840 Implicit null exception at 0x000002324052483a to 0x0000023240524a98
Event: 1.354 Thread 0x000002325108a840 Exception <a 'java/lang/ClassNotFoundException'{0x0000000084b6a4e0}: com/sun/javafx/scene/control/skin/resources/controls> (0x0000000084b6a4e0) 
thrown [s\open\src\hotspot\share\prims\jni.cpp, line 539]
Event: 1.354 Thread 0x000002325108a840 Exception <a 'java/lang/ClassNotFoundException'{0x0000000084b78490}: com/sun/javafx/scene/control/skin/resources/controls_en> (0x0000000084b78490) 
thrown [s\open\src\hotspot\share\prims\jni.cpp, line 539]
Event: 1.355 Thread 0x000002325108a840 Exception <a 'java/lang/ClassNotFoundException'{0x0000000084b79770}: com/sun/javafx/scene/control/skin/resources/controls_en_MY> (0x0000000084b79770) 
thrown [s\open\src\hotspot\share\prims\jni.cpp, line 539]
Event: 1.356 Thread 0x000002325108a840 Implicit null exception at 0x00000232404ec5bd to 0x00000232404ec639
Event: 1.485 Thread 0x000002325108a840 Exception <a 'java/lang/IncompatibleClassChangeError'{0x0000000084369658}: Found class java.lang.Object, but interface was expected> (0x0000000084369658) 
thrown [s\open\src\hotspot\share\interpreter\linkResolver.cpp, line 840]
Event: 1.522 Thread 0x000002325108a840 Exception <a 'java/lang/NoSuchMethodError'{0x000000008414aae0}: 'int java.lang.invoke.DirectMethodHandle$Holder.invokeSpecial(java.lang.Object, java.lang.Object, int)'> (0x000000008414aae0) 
thrown [s\open\src\hotspot\share\interpreter\linkResolver.cpp, line 773]
Event: 1.522 Thread 0x000002325108a840 Exception <a 'java/lang/NoSuchMethodError'{0x0000000084152170}: 'int java.lang.invoke.DirectMethodHandle$Holder.invokeSpecial(java.lang.Object, java.lang.Object, java.lang.Object, int)'> (0x0000000084152170) 
thrown [s\open\src\hotspot\share\interpreter\linkResolver.cpp, line 773]
Event: 1.523 Thread 0x000002325108a840 Exception <a 'java/lang/NoSuchMethodError'{0x0000000084164250}: 'java.lang.Object java.lang.invoke.DirectMethodHandle$Holder.invokeStatic(java.lang.Object, java.lang.Object, java.lang.Object, java.lang.Object, int)'> (0x0000000084164250) 
thrown [s\open\src\hotspot\share\interpreter\linkResolver.cpp, line 773]
Event: 3.737 Thread 0x000002322e45a920 Exception <a 'java/lang/IncompatibleClassChangeError'{0x00000000893f6c08}: Found class java.lang.Object, but interface was expected> (0x00000000893f6c08) 
thrown [s\open\src\hotspot\share\interpreter\linkResolver.cpp, line 840]

ZGC Phase Switch (0 events):
No events

VM Operations (20 events):
Event: 0.748 Executing VM operation: G1CollectForAllocation (G1 Evacuation Pause) done
Event: 0.770 Executing VM operation: HandshakeAllThreads (Deoptimize)
Event: 0.770 Executing VM operation: HandshakeAllThreads (Deoptimize) done
Event: 0.976 Executing VM operation: HandshakeAllThreads (Deoptimize)
Event: 0.976 Executing VM operation: HandshakeAllThreads (Deoptimize) done
Event: 1.198 Executing VM operation: ICBufferFull
Event: 1.198 Executing VM operation: ICBufferFull done
Event: 1.284 Executing VM operation: CollectForMetadataAllocation (Metadata GC Threshold)
Event: 1.291 Executing VM operation: CollectForMetadataAllocation (Metadata GC Threshold) done
Event: 1.294 Executing VM operation: G1PauseRemark
Event: 1.295 Executing VM operation: G1PauseRemark done
Event: 1.296 Executing VM operation: G1PauseCleanup
Event: 1.298 Executing VM operation: G1PauseCleanup done
Event: 1.656 Executing VM operation: G1CollectForAllocation (G1 Evacuation Pause)
Event: 1.660 Executing VM operation: G1CollectForAllocation (G1 Evacuation Pause) done
Event: 3.660 Executing VM operation: Cleanup
Event: 3.660 Executing VM operation: Cleanup done
Event: 3.733 Executing VM operation: HandshakeAllThreads (Deoptimize)
Event: 3.734 Executing VM operation: HandshakeAllThreads (Deoptimize) done
Event: 3.743 Executing VM operation: Exit

Events (20 events):
Event: 0.066 Thread 0x0000023251090bc0 Thread added: 0x0000023251090bc0
Event: 0.100 Thread 0x0000023251088770 Thread added: 0x0000023251088770
Event: 0.184 Thread 0x00000232512cf730 Thread added: 0x00000232512cf730
Event: 0.187 Thread 0x00000232512cfde0 Thread added: 0x00000232512cfde0
Event: 0.305 Thread 0x0000023251088e00 Thread added: 0x0000023251088e00
Event: 0.305 Thread 0x0000023251089490 Thread added: 0x0000023251089490
Event: 0.935 Thread 0x000002325108a1b0 Thread added: 0x000002325108a1b0
Event: 0.986 Thread 0x000002325108aed0 Thread added: 0x000002325108aed0
Event: 0.989 Thread 0x000002325108a840 Thread added: 0x000002325108a840
Event: 1.059 Thread 0x0000023251087a50 Thread added: 0x0000023251087a50
Event: 1.156 Thread 0x00000232512cfde0 Thread exited: 0x00000232512cfde0
Event: 1.175 Thread 0x00000232512cfde0 Thread added: 0x00000232512cfde0
Event: 1.479 Thread 0x00000232510880e0 Thread added: 0x00000232510880e0
Event: 1.650 Thread 0x0000023252a5a350 Thread added: 0x0000023252a5a350
Event: 1.690 Thread 0x00000232512cfde0 Thread exited: 0x00000232512cfde0
Event: 2.757 Thread 0x00000232512cf730 Thread exited: 0x00000232512cf730
Event: 3.742 Thread 0x0000023252a58280 Thread added: 0x0000023252a58280
Event: 3.742 Thread 0x0000023252a5a9e0 Thread added: 0x0000023252a5a9e0
Event: 3.742 Thread 0x0000023252a58280 Thread exited: 0x0000023252a58280
Event: 3.743 Thread 0x0000023252a5a9e0 Thread exited: 0x0000023252a5a9e0


Dynamic libraries:
0x00007ff65f260000 - 0x00007ff65f26e000 	C:\Users\Hp\.jdks\openjdk-21.0.2\bin\java.exe
0x00007ff8c3d10000 - 0x00007ff8c3f26000 	C:\WINDOWS\SYSTEM32\ntdll.dll
0x00007ff8c2530000 - 0x00007ff8c25f4000 	C:\WINDOWS\System32\KERNEL32.DLL
0x00007ff8c11a0000 - 0x00007ff8c1547000 	C:\WINDOWS\System32\KERNELBASE.dll
0x00007ff8c15f0000 - 0x00007ff8c1701000 	C:\WINDOWS\System32\ucrtbase.dll
0x00007ff89d720000 - 0x00007ff89d738000 	C:\Users\Hp\.jdks\openjdk-21.0.2\bin\jli.dll
0x00007ff89c8b0000 - 0x00007ff89c8cb000 	C:\Users\Hp\.jdks\openjdk-21.0.2\bin\VCRUNTIME140.dll
0x00007ff8c29c0000 - 0x00007ff8c2b6e000 	C:\WINDOWS\System32\USER32.dll
0x00007ff8c1550000 - 0x00007ff8c1576000 	C:\WINDOWS\System32\win32u.dll
0x00007ff89cab0000 - 0x00007ff89cd43000 	C:\WINDOWS\WinSxS\amd64_microsoft.windows.common-controls_6595b64144ccf1df_6.0.22621.3235_none_270f74e173860f98\COMCTL32.dll
0x00007ff8c3580000 - 0x00007ff8c35a9000 	C:\WINDOWS\System32\GDI32.dll
0x00007ff8c3bc0000 - 0x00007ff8c3c67000 	C:\WINDOWS\System32\msvcrt.dll
0x00007ff8c17b0000 - 0x00007ff8c18c9000 	C:\WINDOWS\System32\gdi32full.dll
0x00007ff8c1710000 - 0x00007ff8c17aa000 	C:\WINDOWS\System32\msvcp_win.dll
0x00007ff8c27a0000 - 0x00007ff8c27d1000 	C:\WINDOWS\System32\IMM32.DLL
0x00007ff89d340000 - 0x00007ff89d34c000 	C:\Users\Hp\.jdks\openjdk-21.0.2\bin\vcruntime140_1.dll
0x00007ff870a70000 - 0x00007ff870afe000 	C:\Users\Hp\.jdks\openjdk-21.0.2\bin\msvcp140.dll
0x00007ff84c4b0000 - 0x00007ff84d1c7000 	C:\Users\Hp\.jdks\openjdk-21.0.2\bin\server\jvm.dll
0x00007ff8c26e0000 - 0x00007ff8c2792000 	C:\WINDOWS\System32\ADVAPI32.dll
0x00007ff8c1fb0000 - 0x00007ff8c2058000 	C:\WINDOWS\System32\sechost.dll
0x00007ff8c18d0000 - 0x00007ff8c18f8000 	C:\WINDOWS\System32\bcrypt.dll
0x00007ff8c2060000 - 0x00007ff8c2175000 	C:\WINDOWS\System32\RPCRT4.dll
0x00007ff8c2600000 - 0x00007ff8c2671000 	C:\WINDOWS\System32\WS2_32.dll
0x00007ff8c08e0000 - 0x00007ff8c092d000 	C:\WINDOWS\SYSTEM32\POWRPROF.dll
0x00007ff8ae660000 - 0x00007ff8ae66a000 	C:\WINDOWS\SYSTEM32\VERSION.dll
0x00007ff8b30e0000 - 0x00007ff8b3114000 	C:\WINDOWS\SYSTEM32\WINMM.dll
0x00007ff8c08c0000 - 0x00007ff8c08d3000 	C:\WINDOWS\SYSTEM32\UMPDC.dll
0x00007ff8c0040000 - 0x00007ff8c0058000 	C:\WINDOWS\SYSTEM32\kernel.appcore.dll
0x00007ff89c8a0000 - 0x00007ff89c8aa000 	C:\Users\Hp\.jdks\openjdk-21.0.2\bin\jimage.dll
0x00007ff8be910000 - 0x00007ff8beb43000 	C:\WINDOWS\SYSTEM32\DBGHELP.DLL
0x00007ff8c1a60000 - 0x00007ff8c1de8000 	C:\WINDOWS\System32\combase.dll
0x00007ff8c2350000 - 0x00007ff8c2427000 	C:\WINDOWS\System32\OLEAUT32.dll
0x00007ff8b0e40000 - 0x00007ff8b0e72000 	C:\WINDOWS\SYSTEM32\dbgcore.DLL
0x00007ff8c19c0000 - 0x00007ff8c1a39000 	C:\WINDOWS\System32\bcryptPrimitives.dll
0x00007ff8968e0000 - 0x00007ff8968ef000 	C:\Users\Hp\.jdks\openjdk-21.0.2\bin\instrument.dll
0x00007ff884690000 - 0x00007ff8846af000 	C:\Users\Hp\.jdks\openjdk-21.0.2\bin\java.dll
0x00007ff8c2d20000 - 0x00007ff8c357c000 	C:\WINDOWS\System32\SHELL32.dll
0x00007ff8bef40000 - 0x00007ff8bf839000 	C:\WINDOWS\SYSTEM32\windows.storage.dll
0x00007ff8bee00000 - 0x00007ff8bef3e000 	C:\WINDOWS\SYSTEM32\wintypes.dll
0x00007ff8c2430000 - 0x00007ff8c2523000 	C:\WINDOWS\System32\SHCORE.dll
0x00007ff8c2680000 - 0x00007ff8c26de000 	C:\WINDOWS\System32\shlwapi.dll
0x00007ff8c0f60000 - 0x00007ff8c0f81000 	C:\WINDOWS\SYSTEM32\profapi.dll
0x00007ff851010000 - 0x00007ff8510e7000 	C:\Users\Hp\.jdks\openjdk-21.0.2\bin\jsvml.dll
0x00007ff8915f0000 - 0x00007ff891600000 	C:\Users\Hp\.jdks\openjdk-21.0.2\bin\net.dll
0x00007ff8b7730000 - 0x00007ff8b7866000 	C:\WINDOWS\SYSTEM32\WINHTTP.dll
0x00007ff8c04c0000 - 0x00007ff8c0529000 	C:\WINDOWS\system32\mswsock.dll
0x00007ff8809c0000 - 0x00007ff8809d6000 	C:\Users\Hp\.jdks\openjdk-21.0.2\bin\nio.dll
0x00007ff87dd20000 - 0x00007ff87dd38000 	C:\Users\Hp\.jdks\openjdk-21.0.2\bin\zip.dll
0x00007ff8723a0000 - 0x00007ff8723ba000 	C:\Program Files\JetBrains\IntelliJ IDEA 2023.2.2\bin\breakgen64.dll
0x00007ff882bb0000 - 0x00007ff882bb9000 	C:\Users\Hp\.jdks\openjdk-21.0.2\bin\extnet.dll
0x000002324cff0000 - 0x000002324cff3000 	C:\Users\Hp\.openjfx\cache\21-ea+null\amd64\api-ms-win-core-console-l1-1-0.dll
0x0000023252bd0000 - 0x0000023252bd3000 	C:\Users\Hp\.openjfx\cache\21-ea+null\amd64\api-ms-win-core-console-l1-2-0.dll
0x0000023252be0000 - 0x0000023252be3000 	C:\Users\Hp\.openjfx\cache\21-ea+null\amd64\api-ms-win-core-datetime-l1-1-0.dll
0x0000023252bf0000 - 0x0000023252bf3000 	C:\Users\Hp\.openjfx\cache\21-ea+null\amd64\api-ms-win-core-debug-l1-1-0.dll
0x0000023252c00000 - 0x0000023252c03000 	C:\Users\Hp\.openjfx\cache\21-ea+null\amd64\api-ms-win-core-errorhandling-l1-1-0.dll
0x0000023252c10000 - 0x0000023252c14000 	C:\Users\Hp\.openjfx\cache\21-ea+null\amd64\api-ms-win-core-file-l1-1-0.dll
0x0000023252c20000 - 0x0000023252c23000 	C:\Users\Hp\.openjfx\cache\21-ea+null\amd64\api-ms-win-core-file-l1-2-0.dll
0x0000023252c30000 - 0x0000023252c33000 	C:\Users\Hp\.openjfx\cache\21-ea+null\amd64\api-ms-win-core-file-l2-1-0.dll
0x0000023252c40000 - 0x0000023252c43000 	C:\Users\Hp\.openjfx\cache\21-ea+null\amd64\api-ms-win-core-handle-l1-1-0.dll
0x0000023252c50000 - 0x0000023252c53000 	C:\Users\Hp\.openjfx\cache\21-ea+null\amd64\api-ms-win-core-heap-l1-1-0.dll
0x0000023252c60000 - 0x0000023252c63000 	C:\Users\Hp\.openjfx\cache\21-ea+null\amd64\api-ms-win-core-interlocked-l1-1-0.dll
0x0000023252c70000 - 0x0000023252c73000 	C:\Users\Hp\.openjfx\cache\21-ea+null\amd64\api-ms-win-core-libraryloader-l1-1-0.dll
0x0000023252c80000 - 0x0000023252c83000 	C:\Users\Hp\.openjfx\cache\21-ea+null\amd64\api-ms-win-core-localization-l1-2-0.dll
0x0000023252c90000 - 0x0000023252c93000 	C:\Users\Hp\.openjfx\cache\21-ea+null\amd64\api-ms-win-core-memory-l1-1-0.dll
0x0000023252ca0000 - 0x0000023252ca3000 	C:\Users\Hp\.openjfx\cache\21-ea+null\amd64\api-ms-win-core-namedpipe-l1-1-0.dll
0x0000023252cb0000 - 0x0000023252cb3000 	C:\Users\Hp\.openjfx\cache\21-ea+null\amd64\api-ms-win-core-processenvironment-l1-1-0.dll
0x0000023252cc0000 - 0x0000023252cc3000 	C:\Users\Hp\.openjfx\cache\21-ea+null\amd64\api-ms-win-core-processthreads-l1-1-0.dll
0x0000023252cd0000 - 0x0000023252cd3000 	C:\Users\Hp\.openjfx\cache\21-ea+null\amd64\api-ms-win-core-processthreads-l1-1-1.dll
0x0000023252ce0000 - 0x0000023252ce3000 	C:\Users\Hp\.openjfx\cache\21-ea+null\amd64\api-ms-win-core-profile-l1-1-0.dll
0x0000023252cf0000 - 0x0000023252cf3000 	C:\Users\Hp\.openjfx\cache\21-ea+null\amd64\api-ms-win-core-rtlsupport-l1-1-0.dll
0x0000023252d00000 - 0x0000023252d03000 	C:\Users\Hp\.openjfx\cache\21-ea+null\amd64\api-ms-win-core-string-l1-1-0.dll
0x0000023252d10000 - 0x0000023252d13000 	C:\Users\Hp\.openjfx\cache\21-ea+null\amd64\api-ms-win-core-synch-l1-1-0.dll
0x0000023252d20000 - 0x0000023252d23000 	C:\Users\Hp\.openjfx\cache\21-ea+null\amd64\api-ms-win-core-synch-l1-2-0.dll
0x0000023252d30000 - 0x0000023252d33000 	C:\Users\Hp\.openjfx\cache\21-ea+null\amd64\api-ms-win-core-sysinfo-l1-1-0.dll
0x0000023252d40000 - 0x0000023252d43000 	C:\Users\Hp\.openjfx\cache\21-ea+null\amd64\api-ms-win-core-timezone-l1-1-0.dll
0x0000023252d50000 - 0x0000023252d53000 	C:\Users\Hp\.openjfx\cache\21-ea+null\amd64\api-ms-win-core-util-l1-1-0.dll
0x0000023252d60000 - 0x0000023252d63000 	C:\Users\Hp\.openjfx\cache\21-ea+null\amd64\api-ms-win-crt-conio-l1-1-0.dll
0x0000023252d70000 - 0x0000023252d74000 	C:\Users\Hp\.openjfx\cache\21-ea+null\amd64\api-ms-win-crt-convert-l1-1-0.dll
0x0000023252d80000 - 0x0000023252d83000 	C:\Users\Hp\.openjfx\cache\21-ea+null\amd64\api-ms-win-crt-environment-l1-1-0.dll
0x0000023252d90000 - 0x0000023252d93000 	C:\Users\Hp\.openjfx\cache\21-ea+null\amd64\api-ms-win-crt-filesystem-l1-1-0.dll
0x0000023252da0000 - 0x0000023252da3000 	C:\Users\Hp\.openjfx\cache\21-ea+null\amd64\api-ms-win-crt-heap-l1-1-0.dll
0x0000023252db0000 - 0x0000023252db3000 	C:\Users\Hp\.openjfx\cache\21-ea+null\amd64\api-ms-win-crt-locale-l1-1-0.dll
0x0000023252dc0000 - 0x0000023252dc5000 	C:\Users\Hp\.openjfx\cache\21-ea+null\amd64\api-ms-win-crt-math-l1-1-0.dll
0x0000023252dd0000 - 0x0000023252dd5000 	C:\Users\Hp\.openjfx\cache\21-ea+null\amd64\api-ms-win-crt-multibyte-l1-1-0.dll
0x0000023252de0000 - 0x0000023252df0000 	C:\Users\Hp\.openjfx\cache\21-ea+null\amd64\api-ms-win-crt-private-l1-1-0.dll
0x0000023252df0000 - 0x0000023252df3000 	C:\Users\Hp\.openjfx\cache\21-ea+null\amd64\api-ms-win-crt-process-l1-1-0.dll
0x0000023252e00000 - 0x0000023252e04000 	C:\Users\Hp\.openjfx\cache\21-ea+null\amd64\api-ms-win-crt-runtime-l1-1-0.dll
0x0000023252e10000 - 0x0000023252e14000 	C:\Users\Hp\.openjfx\cache\21-ea+null\amd64\api-ms-win-crt-stdio-l1-1-0.dll
0x0000023252e20000 - 0x0000023252e24000 	C:\Users\Hp\.openjfx\cache\21-ea+null\amd64\api-ms-win-crt-string-l1-1-0.dll
0x0000023252e30000 - 0x0000023252e33000 	C:\Users\Hp\.openjfx\cache\21-ea+null\amd64\api-ms-win-crt-time-l1-1-0.dll
0x0000023252e40000 - 0x0000023252e43000 	C:\Users\Hp\.openjfx\cache\21-ea+null\amd64\api-ms-win-crt-utility-l1-1-0.dll
0x00007ff8722a0000 - 0x00007ff87239c000 	C:\Users\Hp\.openjfx\cache\21-ea+null\amd64\ucrtbase.dll
0x00007ff870a50000 - 0x00007ff870a6b000 	C:\Users\Hp\.openjfx\cache\21-ea+null\amd64\vcruntime140.dll
0x00007ff87ea00000 - 0x00007ff87ea0c000 	C:\Users\Hp\.openjfx\cache\21-ea+null\amd64\vcruntime140_1.dll
0x00007ff86fd70000 - 0x00007ff86fdfe000 	C:\Users\Hp\.openjfx\cache\21-ea+null\amd64\msvcp140.dll
0x00007ff8c2180000 - 0x00007ff8c2325000 	C:\WINDOWS\System32\ole32.dll
0x00007ff87e860000 - 0x00007ff87e869000 	C:\Users\Hp\.openjfx\cache\21-ea+null\amd64\msvcp140_1.dll
0x00007ff870a20000 - 0x00007ff870a4f000 	C:\Users\Hp\.openjfx\cache\21-ea+null\amd64\msvcp140_2.dll
0x00007ff8704a0000 - 0x00007ff8704cf000 	C:\Users\Hp\.openjfx\cache\21-ea+null\amd64\prism_d3d.dll
0x00007ff871db0000 - 0x00007ff871f59000 	C:\WINDOWS\system32\d3d9.dll
0x00007ff8be1b0000 - 0x00007ff8be1db000 	C:\WINDOWS\SYSTEM32\dwmapi.dll
0x00007ff8be040000 - 0x00007ff8be079000 	C:\WINDOWS\SYSTEM32\dxcore.dll
0x00007ff8bdf20000 - 0x00007ff8bdfcb000 	C:\WINDOWS\system32\uxtheme.dll
0x00007ff811c90000 - 0x00007ff811ec8000 	C:\WINDOWS\System32\DriverStore\FileRepository\iigd_dch.inf_amd64_0fdf6ce291234272\igdumdim64.dll
0x00007ff80ff60000 - 0x00007ff8112d0000 	C:\WINDOWS\System32\DriverStore\FileRepository\iigd_dch.inf_amd64_0fdf6ce291234272\igd9dxva64.dll
0x00007ff8c3740000 - 0x00007ff8c3bb4000 	C:\WINDOWS\System32\SETUPAPI.dll
0x00007ff8c0d20000 - 0x00007ff8c0d6e000 	C:\WINDOWS\SYSTEM32\cfgmgr32.dll
0x00007ff843a60000 - 0x00007ff845781000 	C:\WINDOWS\System32\DriverStore\FileRepository\iigd_dch.inf_amd64_0fdf6ce291234272\media_bin_64.dll
0x00007ff8b2460000 - 0x00007ff8b2898000 	C:\WINDOWS\System32\DriverStore\FileRepository\iigd_dch.inf_amd64_0fdf6ce291234272\igdgmm64.dll
0x00007ff8b8340000 - 0x00007ff8b838a000 	C:\WINDOWS\SYSTEM32\directxdatabasehelper.dll
0x00007ff86fd20000 - 0x00007ff86fd62000 	C:\Users\Hp\.openjfx\cache\21-ea+null\amd64\glass.dll
0x00007ff8c3640000 - 0x00007ff8c3739000 	C:\WINDOWS\System32\COMDLG32.dll
0x00007ff8c27e0000 - 0x00007ff8c2933000 	C:\WINDOWS\System32\MSCTF.dll
0x00007ff89c9c0000 - 0x00007ff89c9e7000 	C:\WINDOWS\System32\DriverStore\FileRepository\iigd_dch.inf_amd64_0fdf6ce291234272\igdinfo64.dll
0x00007ff8aa610000 - 0x00007ff8ae4bd000 	C:\WINDOWS\System32\DriverStore\FileRepository\iigd_dch.inf_amd64_0fdf6ce291234272\igc64.dll
0x00007ff870880000 - 0x00007ff870894000 	C:\Users\Hp\.openjfx\cache\21-ea+null\amd64\javafx_font.dll
0x00007ff8bc850000 - 0x00007ff8bcac4000 	C:\WINDOWS\SYSTEM32\dwrite.dll
0x00007ff8c2c70000 - 0x00007ff8c2d20000 	C:\WINDOWS\System32\clbcatq.dll
0x00007ff8bc6a0000 - 0x00007ff8bc850000 	C:\WINDOWS\SYSTEM32\WindowsCodecs.dll
0x00007ff88fc50000 - 0x00007ff88fcae000 	C:\WINDOWS\system32\dataexchange.dll
0x00007ff8b6520000 - 0x00007ff8b67ae000 	C:\WINDOWS\system32\twinapi.appcore.dll
0x00007ff870460000 - 0x00007ff870492000 	C:\Program Files\Common Files\Microsoft Shared\Ink\rtscom.dll
0x00007ff8a3e50000 - 0x00007ff8a3f9a000 	C:\WINDOWS\SYSTEM32\textinputframework.dll
0x00007ff8bdaa0000 - 0x00007ff8bdbd4000 	C:\WINDOWS\SYSTEM32\CoreMessaging.dll
0x00007ff8b7a70000 - 0x00007ff8b7ddc000 	C:\WINDOWS\SYSTEM32\CoreUIComponents.dll
0x00007ff8c0740000 - 0x00007ff8c074c000 	C:\WINDOWS\SYSTEM32\CRYPTBASE.DLL
0x00007ff8b1520000 - 0x00007ff8b1589000 	C:\WINDOWS\system32\Oleacc.dll

dbghelp: loaded successfully - version: 4.0.5 - missing functions: none
symbol engine: initialized successfully - sym options: 0x614 - pdb path: .;C:\Users\Hp\.jdks\openjdk-21.0.2\bin;C:\WINDOWS\SYSTEM32;C:\WINDOWS\WinSxS\amd64_microsoft.windows.common-controls_6595b64144ccf1df_6.0.22621.3235_none_270f74e173860f98;C:\Users\Hp\.jdks\openjdk-21.0.2\bin\server;C:\Program Files\JetBrains\IntelliJ IDEA 2023.2.2\bin;C:\Users\Hp\.openjfx\cache\21-ea+null\amd64;C:\WINDOWS\System32\DriverStore\FileRepository\iigd_dch.inf_amd64_0fdf6ce291234272;C:\Program Files\Common Files\Microsoft Shared\Ink

VM Arguments:
jvm_args: -ea -Didea.test.cyclic.buffer.size=1048576 -javaagent:C:\Program Files\JetBrains\IntelliJ IDEA 2023.2.2\lib\idea_rt.jar=60848:C:\Program Files\JetBrains\IntelliJ IDEA 2023.2.2\bin --patch-module=com.restaurantmanagementsystem=C:/Users/Hp/Desktop/OneDrive - University of Southampton/Projects/Others/RestaurantManagementSystem/target/test-classes --add-reads=com.restaurantmanagementsystem=ALL-UNNAMED --add-opens=com.restaurantmanagementsystem/com.restaurantmanagementsystem.pos.controller=ALL-UNNAMED --add-modules=com.restaurantmanagementsystem -Dfile.encoding=UTF-8 -Dsun.stdout.encoding=UTF-8 -Dsun.stderr.encoding=UTF-8 --module-path=C:\Users\Hp\.m2\repository\org\openjfx\javafx-base\21-ea+24\javafx-base-21-ea+24-win.jar;C:\Users\Hp\.m2\repository\org\openjfx\javafx-fxml\21-ea+24\javafx-fxml-21-ea+24-win.jar;C:\Users\Hp\.m2\repository\org\kordamp\bootstrapfx\bootstrapfx-core\0.4.0\bootstrapfx-core-0.4.0.jar;C:\Users\Hp\.m2\repository\org\openjfx\javafx-controls\21-ea+24\javafx-controls-21-ea+24-win.jar;C:\Users\Hp\.m2\repository\mysql\mysql-connector-java\8.0.23\mysql-connector-java-8.0.23.jar;C:\Users\Hp\.m2\repository\org\controlsfx\controlsfx\11.1.2\controlsfx-11.1.2.jar;C:\Users\Hp\.m2\repository\org\openjfx\javafx-graphics\21-ea+24\javafx-graphics-21-ea+24-win.jar;C:\Users\Hp\Desktop\OneDrive - University of Southampton\Projects\Others\RestaurantManagementSystem\target\classes 
java_command: com.intellij.rt.junit.JUnitStarter -ideVersion5 -junit5 com.restaurantmanagementsystem.pos.controller.OrdersControllerTest
java_class_path (initial): C:\Users\Hp\.m2\repository\org\junit\platform\junit-platform-launcher\1.9.2\junit-platform-launcher-1.9.2.jar;C:\Program Files\JetBrains\IntelliJ IDEA 2023.2.2\lib\idea_rt.jar;C:\Program Files\JetBrains\IntelliJ IDEA 2023.2.2\plugins\junit\lib\junit5-rt.jar;C:\Program Files\JetBrains\IntelliJ IDEA 2023.2.2\plugins\junit\lib\junit-rt.jar;C:\Users\Hp\Desktop\OneDrive - University of Southampton\Projects\Others\RestaurantManagementSystem\target\test-classes;C:\Users\Hp\.m2\repository\com\google\protobuf\protobuf-java\3.11.4\protobuf-java-3.11.4.jar;C:\Users\Hp\.m2\repository\org\openjfx\javafx-controls\21-ea+24\javafx-controls-21-ea+24.jar;C:\Users\Hp\.m2\repository\org\openjfx\javafx-graphics\21-ea+24\javafx-graphics-21-ea+24.jar;C:\Users\Hp\.m2\repository\org\openjfx\javafx-base\21-ea+24\javafx-base-21-ea+24.jar;C:\Users\Hp\.m2\repository\org\openjfx\javafx-fxml\21-ea+24\javafx-fxml-21-ea+24.jar;C:\Users\Hp\.m2\repository\org\junit\jupiter\junit-jupiter-api\5.9.2\junit-jupiter-api-5.9.2.jar;C:\Users\Hp\.m2\repository\org\opentest4j\opentest4j\1.2.0\opentest4j-1.2.0.jar;C:\Users\Hp\.m2\repository\org\junit\platform\junit-platform-commons\1.9.2\junit-platform-commons-1.9.2.jar;C:\Users\Hp\.m2\repository\org\apiguardian\apiguardian-api\1.1.2\apiguardian-api-1.1.2.jar;C:\Users\Hp\.m2\repository\org\junit\jupiter\junit-jupiter-engine\5.9.2\junit-jupiter-engine-5.9.2.jar;C:\Users\Hp\.m2\repository\org\junit\platform\junit-platform-engine\1.9.2\junit-platform-engine-1.9.2.jar
Launcher Type: SUN_STANDARD

[Global flags]
     intx CICompilerCount                          = 4                                         {product} {ergonomic}
     uint ConcGCThreads                            = 2                                         {product} {ergonomic}
     uint G1ConcRefinementThreads                  = 8                                         {product} {ergonomic}
   size_t G1HeapRegionSize                         = 1048576                                   {product} {ergonomic}
    uintx GCDrainStackTargetSize                   = 64                                        {product} {ergonomic}
   size_t InitialHeapSize                          = 132120576                                 {product} {ergonomic}
   size_t MarkStackSize                            = 4194304                                   {product} {ergonomic}
   size_t MaxHeapSize                              = 2086666240                                {product} {ergonomic}
   size_t MaxNewSize                               = 1251999744                                {product} {ergonomic}
   size_t MinHeapDeltaBytes                        = 1048576                                   {product} {ergonomic}
   size_t MinHeapSize                              = 8388608                                   {product} {ergonomic}
    uintx NonNMethodCodeHeapSize                   = 5839372                                {pd product} {ergonomic}
    uintx NonProfiledCodeHeapSize                  = 122909434                              {pd product} {ergonomic}
    uintx ProfiledCodeHeapSize                     = 122909434                              {pd product} {ergonomic}
    uintx ReservedCodeCacheSize                    = 251658240                              {pd product} {ergonomic}
     bool SegmentedCodeCache                       = true                                      {product} {ergonomic}
   size_t SoftMaxHeapSize                          = 2086666240                             {manageable} {ergonomic}
     bool UseCompressedOops                        = true                           {product lp64_product} {ergonomic}
     bool UseG1GC                                  = true                                      {product} {ergonomic}
     bool UseLargePagesIndividualAllocation        = false                                  {pd product} {ergonomic}

Logging:
Log output configuration:
 #0: stdout all=off uptime,level,tags foldmultilines=false
 #1: stderr all=off uptime,level,tags foldmultilines=false

Environment Variables:
PATH=C:\Program Files\Common Files\Oracle\Java\javapath;C:\windows\system32;C:\windows;C:\windows\System32\Wbem;C:\windows\System32\WindowsPowerShell\v1.0\;C:\windows\System32\OpenSSH\;C:\Program Files (x86)\NVIDIA Corporation\PhysX\Common;C:\Program Files\NVIDIA Corporation\NVIDIA NvDLISR;C:\WINDOWS\system32;C:\WINDOWS;C:\WINDOWS\System32\Wbem;C:\WINDOWS\System32\WindowsPowerShell\v1.0\;C:\WINDOWS\System32\OpenSSH\;C:\Program Files\dotnet\;C:\Program Files\Microsoft SQL Server\150\Tools\Binn\;C:\Program Files\nodejs\;C:\WINDOWS\system32;C:\WINDOWS;C:\WINDOWS\System32\Wbem;C:\WINDOWS\System32\WindowsPowerShell\v1.0\;C:\WINDOWS\System32\OpenSSH\;C:\Program Files\Git LFS;C:\Program Files\Git\cmd;C:\Program Files\PuTTY\;C:\Program Files\Docker\Docker\resources\bin;C:\Users\Hp\AppData\Local\Programs\Python\Python310\Scripts\;C:\Users\Hp\AppData\Local\Programs\Python\Python310\;C:\Users\Hp\AppData\Local\Programs\Python\Launcher\;C:\Users\Hp\AppData\Local\Microsoft\WindowsApps;C:\Users\Hp\AppData\Local\Programs\Microsoft VS Code\bin;C:\Users\Hp\.dotnet\tools;C:\Users\Hp\AppData\Local\GitHubDesktop\bin;C:\Users\Hp\AppData\Roaming\npm;C:\Program Files\JetBrains\IntelliJ IDEA 2023.2.2\bin;;"C:\Users\Hp\Downloads\flutter\bin"
USERNAME=Hp
OS=Windows_NT
PROCESSOR_IDENTIFIER=Intel64 Family 6 Model 140 Stepping 1, GenuineIntel
TMP=C:\Users\Hp\AppData\Local\Temp
TEMP=C:\Users\Hp\AppData\Local\Temp




Periodic native trim disabled

---------------  S Y S T E M  ---------------

OS:
 Windows 11 , 64 bit Build 22621 (10.0.22621.3374)
OS uptime: 1 days 3:00 hours
Hyper-V role detected

CPU: total 8 (initial active 8) (4 cores per cpu, 2 threads per core) family 6 model 140 stepping 1 microcode 0xac, cx8, cmov, fxsr, ht, mmx, 3dnowpref, sse, sse2, sse3, ssse3, sse4.1, sse4.2, popcnt, lzcnt, tsc, tscinvbit, avx, avx2, aes, erms, clmul, bmi1, bmi2, adx, avx512f, avx512dq, avx512cd, avx512bw, avx512vl, sha, fma, vzeroupper, avx512_vpopcntdq, avx512_vpclmulqdq, avx512_vaes, avx512_vnni, clflush, clflushopt, clwb, avx512_vbmi2, avx512_vbmi, hv, rdtscp, rdpid, fsrm, gfni, avx512_bitalg, f16c, cet_ibt, cet_ss, avx512_ifma
Processor Information for all 8 processors :
  Max Mhz: 2419, Current Mhz: 2419, Mhz Limit: 2419

Memory: 4k page, system-wide physical 7957M (780M free)
TotalPageFile size 18700M (AvailPageFile size 4699M)
current process WorkingSet (physical memory assigned to process): 175M, peak: 180M
current process commit charge ("private bytes"): 212M, peak: 282M

vm_info: OpenJDK 64-Bit Server VM (21.0.2+13-58) for windows-amd64 JRE (21.0.2+13-58), built on 2024-01-05T18:32:24Z by "mach5one" with MS VC++ 17.1 (VS2022)

END.
