#
# A fatal error has been detected by the Java Runtime Environment:
#
#  EXCEPTION_ACCESS_VIOLATION (0xc0000005) at pc=0x00007ff86fd46587, pid=2580, tid=18568
#
# JRE version: OpenJDK Runtime Environment (21.0.2+13) (build 21.0.2+13-58)
# Java VM: OpenJDK 64-Bit Server VM (21.0.2+13-58, mixed mode, tiered, compressed oops, compressed class ptrs, g1 gc, windows-amd64)
# Problematic frame:
# C  [glass.dll+0x26587]
#
# No core dump will be written. Minidumps are not enabled by default on client versions of Windows
#
# If you would like to submit a bug report, please visit:
#   https://bugreport.java.com/bugreport/crash.jsp
#

---------------  S U M M A R Y ------------

Command Line: -ea -Didea.test.cyclic.buffer.size=1048576 -javaagent:C:\Program Files\JetBrains\IntelliJ IDEA 2023.2.2\lib\idea_rt.jar=60853:C:\Program Files\JetBrains\IntelliJ IDEA 2023.2.2\bin --patch-module=com.restaurantmanagementsystem=C:/Users/Hp/Desktop/OneDrive - University of Southampton/Projects/Others/RestaurantManagementSystem/target/test-classes --add-reads=com.restaurantmanagementsystem=ALL-UNNAMED --add-opens=com.restaurantmanagementsystem/com.restaurantmanagementsystem.pos.controller=ALL-UNNAMED --add-modules=com.restaurantmanagementsystem -Dfile.encoding=UTF-8 -Dsun.stdout.encoding=UTF-8 -Dsun.stderr.encoding=UTF-8 --module-path=C:\Users\Hp\.m2\repository\org\openjfx\javafx-base\21-ea+24\javafx-base-21-ea+24-win.jar;C:\Users\Hp\.m2\repository\org\openjfx\javafx-fxml\21-ea+24\javafx-fxml-21-ea+24-win.jar;C:\Users\Hp\.m2\repository\org\kordamp\bootstrapfx\bootstrapfx-core\0.4.0\bootstrapfx-core-0.4.0.jar;C:\Users\Hp\.m2\repository\org\openjfx\javafx-controls\21-ea+24\javafx-controls-21-ea+24-win.jar;C:\Users\Hp\.m2\repository\mysql\mysql-connector-java\8.0.23\mysql-connector-java-8.0.23.jar;C:\Users\Hp\.m2\repository\org\controlsfx\controlsfx\11.1.2\controlsfx-11.1.2.jar;C:\Users\Hp\.m2\repository\org\openjfx\javafx-graphics\21-ea+24\javafx-graphics-21-ea+24-win.jar;C:\Users\Hp\Desktop\OneDrive - University of Southampton\Projects\Others\RestaurantManagementSystem\target\classes com.intellij.rt.junit.JUnitStarter -ideVersion5 -junit5 com.restaurantmanagementsystem.pos.controller.OrdersControllerTest

Host: 11th Gen Intel(R) Core(TM) i5-1135G7 @ 2.40GHz, 8 cores, 7G,  Windows 11 , 64 bit Build 22621 (10.0.22621.3374)
Time: Wed Apr 24 12:45:26 2024 Malay Peninsula Standard Time elapsed time: 3.227767 seconds (0d 0h 0m 3s)

---------------  T H R E A D  ---------------

Current thread (0x0000021d9bb36f60):  VMThread "VM Thread"          [id=18568, stack(0x000000a77b100000,0x000000a77b200000) (1024K)]

Stack: [0x000000a77b100000,0x000000a77b200000],  sp=0x000000a77b1ff350,  free space=1020k
Native frames: (J=compiled Java code, j=interpreted, Vv=VM code, C=native code)
C  [glass.dll+0x26587]


siginfo: EXCEPTION_ACCESS_VIOLATION (0xc0000005), reading address 0x0000000000000000


Registers:
RAX=0x0000000000000000, RBX=0x0000021d9bb767d2, RCX=0x0000021d9bb36f60, RDX=0x000000a77b1ff350
RSP=0x000000a77b1ff350, RBP=0x0000021da0778e08, RSI=0x000000a77b1ff458, RDI=0x0000021da0778de0
R8 =0x0000000000010002, R9 =0x0000021da0778de0, R10=0x85f13e9656da4870, R11=0x000000a77b1ff2e0
R12=0x00007ff86fd43ed0, R13=0x00007ff84d114720, R14=0x000048af738368ea, R15=0x0000021da0778de0
RIP=0x00007ff86fd46587, EFLAGS=0x0000000000010206


Register to memory mapping:

RAX=0x0 is null
RBX=0x0000021d9bb767d2 is a global jni handle
RCX=0x0000021d9bb36f60 points into unknown readable memory: 0x00007ff84cf26038 | 38 60 f2 4c f8 7f 00 00
RDX=0x000000a77b1ff350 points into unknown readable memory: 0x0000000000000000 | 00 00 00 00 00 00 00 00
RSP=0x000000a77b1ff350 points into unknown readable memory: 0x0000000000000000 | 00 00 00 00 00 00 00 00
RBP=0x0000021da0778e08 points into unknown readable memory: 0x000048af738368ea | ea 68 83 73 af 48 00 00
RSI=0x000000a77b1ff458 points into unknown readable memory: 0x000000a77b1ff440 | 40 f4 1f 7b a7 00 00 00
RDI=0x0000021da0778de0 points into unknown readable memory: 0x50e7e8af727c8955 | 55 89 7c 72 af e8 e7 50
R8 =0x0000000000010002 is an unknown value
R9 =0x0000021da0778de0 points into unknown readable memory: 0x50e7e8af727c8955 | 55 89 7c 72 af e8 e7 50
R10=0x85f13e9656da4870 is an unknown value
R11=0x000000a77b1ff2e0 points into unknown readable memory: 0x0000021da0778de0 | e0 8d 77 a0 1d 02 00 00
R12=0x00007ff86fd43ed0 glass.dll
R13=0x00007ff84d114720 jvm.dll
R14=0x000048af738368ea is an unknown value
R15=0x0000021da0778de0 points into unknown readable memory: 0x50e7e8af727c8955 | 55 89 7c 72 af e8 e7 50

Top of Stack: (sp=0x000000a77b1ff350)
0x000000a77b1ff350:   0000000000000000 000000a77b1ff458
0x000000a77b1ff360:   00007ff84d114720 00007ff86fd43ed0
0x000000a77b1ff370:   0000021da0778de8 00007ff8c1643a53
0x000000a77b1ff380:   0000021da0778de0 0000021d00000000
0x000000a77b1ff390:   0000021da0778e08 000000a77b1ff458
0x000000a77b1ff3a0:   fffffffffffffffe 0000000000000000
0x000000a77b1ff3b0:   0000000000000001 00007ff86fd20000
0x000000a77b1ff3c0:   000000a77b1ff448 00007ff8c161042e
0x000000a77b1ff3d0:   0000000000000000 000000a77b1ff458
0x000000a77b1ff3e0:   000000a77b1ff740 0000000000000001
0x000000a77b1ff3f0:   0000000000000001 00007ff8c160dddd
0x000000a77b1ff400:   0000000000000000 00007ff86fd436c9
0x000000a77b1ff410:   0000000000000000 000000a77b1ff448
0x000000a77b1ff420:   fffffffffffffffe 000000a77b1ff700
0x000000a77b1ff430:   0000000000000000 00007ff86fd43d5d
0x000000a77b1ff440:   00007ff86fd5a008 00007ff800000002
0x000000a77b1ff450:   0000000000000002 000000a77b1ff440
0x000000a77b1ff460:   0000000000000000 00007ff8c3d38603
0x000000a77b1ff470:   0000000000000000 00007ff86fd43e82
0x000000a77b1ff480:   0000000000000001 0000000000000001
0x000000a77b1ff490:   0000000000000001 0000000000000000
0x000000a77b1ff4a0:   0000000000000001 00007ff8c0742223
0x000000a77b1ff4b0:   00007ff800000001 0000000000000000
0x000000a77b1ff4c0:   00007ff86fd20000 000000007ffe0384
0x000000a77b1ff4d0:   0000000000000000 00007ff8c3d3869f
0x000000a77b1ff4e0:   00007ff86fd20000 0000000000000000
0x000000a77b1ff4f0:   0000000000000001 000000007ffe0385
0x000000a77b1ff500:   00007ff8c3e46a20 00007ff8aba5cb00
0x000000a77b1ff510:   0000e1f8cdd16700 00007ff8aa610000
0x000000a77b1ff520:   00007ff86fd43ed0 0000000000000000
0x000000a77b1ff530:   0000000000000000 000000a77a412000
0x000000a77b1ff540:   0000021da0d3d440 00007ff8c3d610a6 

Instructions: (pc=0x00007ff86fd46587)
0x00007ff86fd46487:   8b 4d 58 e8 8d cf ff ff 48 8b 4d 60 e8 84 cf ff
0x00007ff86fd46497:   ff 48 8b 95 80 00 00 00 48 8b 8d 18 01 00 00 e8
0x00007ff86fd464a7:   76 c4 ff ff 33 d2 33 c9 e8 cc e1 ff ff 90 48 89
0x00007ff86fd464b7:   54 24 10 55 48 83 ec 20 48 8b ea 48 b8 00 00 00
0x00007ff86fd464c7:   00 00 00 00 00 48 83 c4 20 5d c3 cc 40 55 48 8b
0x00007ff86fd464d7:   ea 48 8b 01 33 c9 81 38 05 00 00 c0 0f 94 c1 8b
0x00007ff86fd464e7:   c1 5d c3 cc 40 55 48 83 ec 20 48 8b ea 8a 4d 40
0x00007ff86fd464f7:   48 83 c4 20 5d e9 73 d3 ff ff cc 40 55 48 83 ec
0x00007ff86fd46507:   20 48 8b ea 8a 4d 20 e8 61 d3 ff ff 90 48 83 c4
0x00007ff86fd46517:   20 5d c3 cc 40 55 48 83 ec 20 48 8b ea 48 83 c4
0x00007ff86fd46527:   20 5d e9 c2 d1 ff ff cc 40 55 48 83 ec 30 48 8b
0x00007ff86fd46537:   ea 48 8b 01 8b 10 48 89 4c 24 28 89 54 24 20 4c
0x00007ff86fd46547:   8d 0d 63 d6 ff ff 4c 8b 45 70 8b 55 68 48 8b 4d
0x00007ff86fd46557:   60 e8 03 d1 ff ff 90 48 83 c4 30 5d c3 cc cc cc
0x00007ff86fd46567:   cc cc cc cc cc cc cc cc cc 40 53 48 83 ec 20 48
0x00007ff86fd46577:   8b 1d 8b 34 01 00 48 85 db 74 16 e8 89 8f ff ff
0x00007ff86fd46587:   4c 8b 00 48 8b d3 48 8b c8 41 ff 90 b0 00 00 00
0x00007ff86fd46597:   90 48 83 c4 20 5b c3 cc cc 40 53 48 83 ec 20 48
0x00007ff86fd465a7:   8b 1d fb 35 01 00 48 85 db 74 57 b8 ff ff ff ff
0x00007ff86fd465b7:   f0 0f c1 43 10 83 f8 01 75 3d 48 85 db 74 38 48
0x00007ff86fd465c7:   8b 0b 48 85 c9 74 0d ff 15 d4 0c 00 00 48 c7 03
0x00007ff86fd465d7:   00 00 00 00 48 8b 4b 08 48 85 c9 74 0d e8 33 ce
0x00007ff86fd465e7:   ff ff 48 c7 43 08 00 00 00 00 ba 18 00 00 00 48
0x00007ff86fd465f7:   8b cb e8 1e ce ff ff 48 c7 05 9f 35 01 00 00 00
0x00007ff86fd46607:   00 00 48 83 c4 20 5b c3 cc 40 53 48 83 ec 20 48
0x00007ff86fd46617:   8b 1d 6b 35 01 00 48 85 db 74 57 b8 ff ff ff ff
0x00007ff86fd46627:   f0 0f c1 43 10 83 f8 01 75 3d 48 85 db 74 38 48
0x00007ff86fd46637:   8b 0b 48 85 c9 74 0d ff 15 64 0c 00 00 48 c7 03
0x00007ff86fd46647:   00 00 00 00 48 8b 4b 08 48 85 c9 74 0d e8 c3 cd
0x00007ff86fd46657:   ff ff 48 c7 43 08 00 00 00 00 ba 18 00 00 00 48
0x00007ff86fd46667:   8b cb e8 ae cd ff ff 48 c7 05 0f 35 01 00 00 00
0x00007ff86fd46677:   00 00 48 83 c4 20 5b c3 cc 40 53 48 83 ec 20 48 


Stack slot to memory mapping:

stack at sp + 0 slots: 0x0 is null
stack at sp + 1 slots: 0x000000a77b1ff458 points into unknown readable memory: 0x000000a77b1ff440 | 40 f4 1f 7b a7 00 00 00
stack at sp + 2 slots: 0x00007ff84d114720 jvm.dll
stack at sp + 3 slots: 0x00007ff86fd43ed0 glass.dll
stack at sp + 4 slots: 0x0000021da0778de8 points into unknown readable memory: 0x000048af738368ea | ea 68 83 73 af 48 00 00
stack at sp + 5 slots: 0x00007ff8c1643a53 ucrtbase.dll
stack at sp + 6 slots: 0x0000021da0778de0 points into unknown readable memory: 0x50e7e8af727c8955 | 55 89 7c 72 af e8 e7 50
stack at sp + 7 slots: 0x0000021d00000000 is an unknown value

VM_Operation (0x000000a77aaff490): Exit, mode: safepoint, requested by thread 0x0000021dfd1494e0


---------------  P R O C E S S  ---------------

Threads class SMR info:
_java_thread_list=0x0000021da7fd17e0, length=20, elements={
0x0000021dfd1494e0, 0x0000021d9bbd2000, 0x0000021d9bbd2960, 0x0000021d9bbc1220,
0x0000021d9bbb8f30, 0x0000021d9bbbc150, 0x0000021d9bbe36b0, 0x0000021d9bbf0200,
0x0000021d9bc10cd0, 0x0000021d9bbe5780, 0x0000021d9bbe3020, 0x0000021d9bbe3d40,
0x0000021d9bbe4a60, 0x0000021d9bbe43d0, 0x0000021d9bbe50f0, 0x0000021d9bbe5e10,
0x0000021d9bbe64a0, 0x0000021da7d514d0, 0x0000021da7d52f10, 0x0000021da7ec92e0
}

Java Threads: ( => current thread )
  0x0000021dfd1494e0 JavaThread "main"                              [_thread_blocked, id=13880, stack(0x000000a77aa00000,0x000000a77ab00000) (1024K)]
  0x0000021d9bbd2000 JavaThread "Reference Handler"          daemon [_thread_blocked, id=18984, stack(0x000000a77b200000,0x000000a77b300000) (1024K)]
  0x0000021d9bbd2960 JavaThread "Finalizer"                  daemon [_thread_blocked, id=10220, stack(0x000000a77b300000,0x000000a77b400000) (1024K)]
  0x0000021d9bbc1220 JavaThread "Signal Dispatcher"          daemon [_thread_blocked, id=18520, stack(0x000000a77b400000,0x000000a77b500000) (1024K)]
  0x0000021d9bbb8f30 JavaThread "Attach Listener"            daemon [_thread_blocked, id=7200, stack(0x000000a77b500000,0x000000a77b600000) (1024K)]
  0x0000021d9bbbc150 JavaThread "Service Thread"             daemon [_thread_blocked, id=18564, stack(0x000000a77b600000,0x000000a77b700000) (1024K)]
  0x0000021d9bbe36b0 JavaThread "Monitor Deflation Thread"   daemon [_thread_blocked, id=2988, stack(0x000000a77b700000,0x000000a77b800000) (1024K)]
  0x0000021d9bbf0200 JavaThread "C2 CompilerThread0"         daemon [_thread_blocked, id=5596, stack(0x000000a77b800000,0x000000a77b900000) (1024K)]
  0x0000021d9bc10cd0 JavaThread "C1 CompilerThread0"         daemon [_thread_blocked, id=10872, stack(0x000000a77b900000,0x000000a77ba00000) (1024K)]
  0x0000021d9bbe5780 JavaThread "Common-Cleaner"             daemon [_thread_blocked, id=13492, stack(0x000000a77ba00000,0x000000a77bb00000) (1024K)]
  0x0000021d9bbe3020 JavaThread "Monitor Ctrl-Break"         daemon [_thread_in_native, id=17892, stack(0x000000a77bd00000,0x000000a77be00000) (1024K)]
  0x0000021d9bbe3d40 JavaThread "Notification Thread"        daemon [_thread_blocked, id=1792, stack(0x000000a77be00000,0x000000a77bf00000) (1024K)]
  0x0000021d9bbe4a60 JavaThread "QuantumRenderer-0"          daemon [_thread_blocked, id=18848, stack(0x000000a77c400000,0x000000a77c500000) (1024K)]
  0x0000021d9bbe43d0 JavaThread "InvokeLaterDispatcher"      daemon [_thread_blocked, id=18472, stack(0x000000a77c500000,0x000000a77c600000) (1024K)]
  0x0000021d9bbe50f0 JavaThread "JavaFX Application Thread"         [_thread_blocked, id=8848, stack(0x000000a77c600000,0x000000a77c700000) (1024K)]
  0x0000021d9bbe5e10 JavaThread "Thread-1"                   daemon [_thread_in_native, id=16836, stack(0x000000a77ca00000,0x000000a77cb00000) (1024K)]
  0x0000021d9bbe64a0 JavaThread "Prism Font Disposer"        daemon [_thread_blocked, id=9888, stack(0x000000a77d100000,0x000000a77d200000) (1024K)]
  0x0000021da7d514d0 JavaThread "Cleaner-0"                  daemon [_thread_blocked, id=16620, stack(0x000000a77d200000,0x000000a77d300000) (1024K)]
  0x0000021da7d52f10 JavaThread "mysql-cj-abandoned-connection-cleanup" daemon [_thread_blocked, id=1392, stack(0x000000a77bb00000,0x000000a77bc00000) (1024K)]
  0x0000021da7ec92e0 JavaThread "C2 CompilerThread1"         daemon [_thread_blocked, id=15656, stack(0x000000a77bc00000,0x000000a77bd00000) (1024K)]
Total: 20

Other Threads:
=>0x0000021d9bb36f60 VMThread "VM Thread"                           [id=18568, stack(0x000000a77b100000,0x000000a77b200000) (1024K)]
  0x0000021dff246440 WorkerThread "GC Thread#0"                     [id=13896, stack(0x000000a77ab00000,0x000000a77ac00000) (1024K)]
  0x0000021da0832180 WorkerThread "GC Thread#1"                     [id=8736, stack(0x000000a77bf00000,0x000000a77c000000) (1024K)]
  0x0000021da06d6b10 WorkerThread "GC Thread#2"                     [id=19320, stack(0x000000a77c000000,0x000000a77c100000) (1024K)]
  0x0000021da0998470 WorkerThread "GC Thread#3"                     [id=15024, stack(0x000000a77c100000,0x000000a77c200000) (1024K)]
  0x0000021da08d8ad0 WorkerThread "GC Thread#4"                     [id=18376, stack(0x000000a77c200000,0x000000a77c300000) (1024K)]
  0x0000021da08d8e70 WorkerThread "GC Thread#5"                     [id=19324, stack(0x000000a77c300000,0x000000a77c400000) (1024K)]
  0x0000021da1043240 WorkerThread "GC Thread#6"                     [id=3064, stack(0x000000a77cb00000,0x000000a77cc00000) (1024K)]
  0x0000021da1043980 WorkerThread "GC Thread#7"                     [id=18864, stack(0x000000a77cc00000,0x000000a77cd00000) (1024K)]
  0x0000021dff2951c0 ConcurrentGCThread "G1 Main Marker"            terminated
  0x0000021dff296300 WorkerThread "G1 Conc#0"                       [id=12916, stack(0x000000a77ad00000,0x000000a77ae00000) (1024K)]
  0x0000021da10435e0 WorkerThread "G1 Conc#1"                       [id=17192, stack(0x000000a77cd00000,0x000000a77ce00000) (1024K)]
  0x0000021d9b659370 ConcurrentGCThread "G1 Refine#0"               terminated
  0x0000021d9b659d80 ConcurrentGCThread "G1 Service"                terminated
Total: 14

Threads with active compile tasks:
Total: 0

VM state: at safepoint (shutting down)

VM Mutex/Monitor currently owned by a thread:  ([mutex/lock_event])
[0x00007ff84d0ecd68] Threads_lock - owner thread: 0x0000021d9bb36f60
[0x00007ff84d0ece68] Heap_lock - owner thread: 0x0000021dfd1494e0

Heap address: 0x0000000083a00000, size: 1990 MB, Compressed Oops mode: 32-bit

CDS archive(s) not mapped
Compressed class space mapped at: 0x0000000100000000-0x0000000140000000, reserved size: 1073741824
Narrow klass base: 0x0000000000000000, Narrow klass shift: 3, Narrow klass range: 0x140000000

GC Precious Log:
 CardTable entry size: 512
 Card Set container configuration: InlinePtr #cards 5 size 8 Array Of Cards #cards 12 size 40 Howl #buckets 4 coarsen threshold 1843 Howl Bitmap #cards 512 size 80 coarsen threshold 460 Card regions per heap region 1 cards per card region 2048
 CPUs: 8 total, 8 available
 Memory: 7957M
 Large Page Support: Disabled
 NUMA Support: Disabled
 Compressed Oops: Enabled (32-bit)
 Heap Region Size: 1M
 Heap Min Capacity: 8M
 Heap Initial Capacity: 126M
 Heap Max Capacity: 1990M
 Pre-touch: Disabled
 Parallel Workers: 8
 Concurrent Workers: 2
 Concurrent Refinement Workers: 8
 Periodic GC: Disabled

Heap:
 garbage-first heap   total 32768K, used 18851K [0x0000000083a00000, 0x0000000100000000)
  region size 1024K, 11 young (11264K), 3 survivors (3072K)
 Metaspace       used 30081K, committed 30400K, reserved 1114112K
  class space    used 3639K, committed 3776K, reserved 1048576K

Heap Regions: E=young(eden), S=young(survivor), O=old, HS=humongous(starts), HC=humongous(continues), CS=collection set, F=free, TAMS=top-at-mark-start, PB=parsable bottom
|   0|0x0000000083a00000, 0x0000000083b00000, 0x0000000083b00000|100%| O|  |TAMS 0x0000000083a00000| PB 0x0000000083a00000| Untracked 
|   1|0x0000000083b00000, 0x0000000083c00000, 0x0000000083c00000|100%| O|  |TAMS 0x0000000083b00000| PB 0x0000000083b00000| Untracked 
|   2|0x0000000083c00000, 0x0000000083ce2c90, 0x0000000083d00000| 88%| O|  |TAMS 0x0000000083c00000| PB 0x0000000083c00000| Untracked 
|   3|0x0000000083d00000, 0x0000000083e00000, 0x0000000083e00000|100%|HS|  |TAMS 0x0000000083d00000| PB 0x0000000083d00000| Complete 
|   4|0x0000000083e00000, 0x0000000083f00000, 0x0000000083f00000|100%|HC|  |TAMS 0x0000000083e00000| PB 0x0000000083e00000| Complete 
|   5|0x0000000083f00000, 0x0000000084000000, 0x0000000084000000|100%| O|  |TAMS 0x0000000083f00000| PB 0x0000000083f00000| Untracked 
|   6|0x0000000084000000, 0x0000000084100000, 0x0000000084100000|100%| O|  |TAMS 0x0000000084000000| PB 0x0000000084000000| Untracked 
|   7|0x0000000084100000, 0x0000000084200000, 0x0000000084200000|100%| O|  |TAMS 0x0000000084100000| PB 0x0000000084100000| Untracked 
|   8|0x0000000084200000, 0x000000008428d830, 0x0000000084300000| 55%| O|  |TAMS 0x0000000084200000| PB 0x0000000084200000| Untracked 
|   9|0x0000000084300000, 0x0000000084300000, 0x0000000084400000|  0%| F|  |TAMS 0x0000000084300000| PB 0x0000000084300000| Untracked 
|  10|0x0000000084400000, 0x00000000844f8a70, 0x0000000084500000| 97%| S|CS|TAMS 0x0000000084400000| PB 0x0000000084400000| Complete 
|  11|0x0000000084500000, 0x0000000084600000, 0x0000000084600000|100%| S|CS|TAMS 0x0000000084500000| PB 0x0000000084500000| Complete 
|  12|0x0000000084600000, 0x0000000084700000, 0x0000000084700000|100%| S|CS|TAMS 0x0000000084600000| PB 0x0000000084600000| Complete 
|  13|0x0000000084700000, 0x0000000084700000, 0x0000000084800000|  0%| F|  |TAMS 0x0000000084700000| PB 0x0000000084700000| Untracked 
|  14|0x0000000084800000, 0x0000000084800000, 0x0000000084900000|  0%| F|  |TAMS 0x0000000084800000| PB 0x0000000084800000| Untracked 
|  15|0x0000000084900000, 0x0000000084900000, 0x0000000084a00000|  0%| F|  |TAMS 0x0000000084900000| PB 0x0000000084900000| Untracked 
|  16|0x0000000084a00000, 0x0000000084a00000, 0x0000000084b00000|  0%| F|  |TAMS 0x0000000084a00000| PB 0x0000000084a00000| Untracked 
|  17|0x0000000084b00000, 0x0000000084b00000, 0x0000000084c00000|  0%| F|  |TAMS 0x0000000084b00000| PB 0x0000000084b00000| Untracked 
|  18|0x0000000084c00000, 0x0000000084c00000, 0x0000000084d00000|  0%| F|  |TAMS 0x0000000084c00000| PB 0x0000000084c00000| Untracked 
|  19|0x0000000084d00000, 0x0000000084d00000, 0x0000000084e00000|  0%| F|  |TAMS 0x0000000084d00000| PB 0x0000000084d00000| Untracked 
|  20|0x0000000084e00000, 0x0000000084e00000, 0x0000000084f00000|  0%| F|  |TAMS 0x0000000084e00000| PB 0x0000000084e00000| Untracked 
|  21|0x0000000084f00000, 0x0000000084f00000, 0x0000000085000000|  0%| F|  |TAMS 0x0000000084f00000| PB 0x0000000084f00000| Untracked 
|  22|0x0000000085000000, 0x0000000085000000, 0x0000000085100000|  0%| F|  |TAMS 0x0000000085000000| PB 0x0000000085000000| Untracked 
|  23|0x0000000085100000, 0x0000000085100000, 0x0000000085200000|  0%| F|  |TAMS 0x0000000085100000| PB 0x0000000085100000| Untracked 
|  24|0x0000000085200000, 0x000000008520abe8, 0x0000000085300000|  4%| E|  |TAMS 0x0000000085200000| PB 0x0000000085200000| Complete 
|  25|0x0000000085300000, 0x0000000085400000, 0x0000000085400000|100%| E|CS|TAMS 0x0000000085300000| PB 0x0000000085300000| Complete 
|  26|0x0000000085400000, 0x0000000085500000, 0x0000000085500000|100%| E|CS|TAMS 0x0000000085400000| PB 0x0000000085400000| Complete 
|  88|0x0000000089200000, 0x0000000089300000, 0x0000000089300000|100%| E|CS|TAMS 0x0000000089200000| PB 0x0000000089200000| Complete 
|  89|0x0000000089300000, 0x0000000089400000, 0x0000000089400000|100%| E|CS|TAMS 0x0000000089300000| PB 0x0000000089300000| Complete 
|  90|0x0000000089400000, 0x0000000089500000, 0x0000000089500000|100%| E|CS|TAMS 0x0000000089400000| PB 0x0000000089400000| Complete 
|  91|0x0000000089500000, 0x0000000089600000, 0x0000000089600000|100%| E|CS|TAMS 0x0000000089500000| PB 0x0000000089500000| Complete 
| 125|0x000000008b700000, 0x000000008b800000, 0x000000008b800000|100%| E|CS|TAMS 0x000000008b700000| PB 0x000000008b700000| Complete 

Card table byte_map: [0x0000021dff9f0000,0x0000021dffde0000] _byte_map_base: 0x0000021dff5d3000

Marking Bits: (CMBitMap*) 0x0000021dff2469e0
 Bits: [0x0000021d97390000, 0x0000021d992a8000)

Polling page: 0x0000021dfd0e0000

Metaspace:

Usage:
  Non-class:     25.82 MB used.
      Class:      3.55 MB used.
       Both:     29.38 MB used.

Virtual space:
  Non-class space:       64.00 MB reserved,      26.00 MB ( 41%) committed,  1 nodes.
      Class space:        1.00 GB reserved,       3.69 MB ( <1%) committed,  1 nodes.
             Both:        1.06 GB reserved,      29.69 MB (  3%) committed. 

Chunk freelists:
   Non-Class:  5.83 MB
       Class:  12.23 MB
        Both:  18.06 MB

MaxMetaspaceSize: unlimited
CompressedClassSpaceSize: 1.00 GB
Initial GC threshold: 21.00 MB
Current GC threshold: 35.12 MB
CDS: off
 - commit_granule_bytes: 65536.
 - commit_granule_words: 8192.
 - virtual_space_node_default_size: 8388608.
 - enlarge_chunks_in_place: 1.
 - use_allocation_guard: 0.


Internal statistics:

num_allocs_failed_limit: 3.
num_arena_births: 272.
num_arena_deaths: 0.
num_vsnodes_births: 2.
num_vsnodes_deaths: 0.
num_space_committed: 475.
num_space_uncommitted: 0.
num_chunks_returned_to_freelist: 3.
num_chunks_taken_from_freelist: 968.
num_chunk_merges: 3.
num_chunk_splits: 658.
num_chunks_enlarged: 498.
num_inconsistent_stats: 0.

CodeHeap 'non-profiled nmethods': size=120000Kb used=1345Kb max_used=1345Kb free=118654Kb
 bounds [0x0000021d8fe60000, 0x0000021d900d0000, 0x0000021d97390000]
CodeHeap 'profiled nmethods': size=120000Kb used=5424Kb max_used=5424Kb free=114575Kb
 bounds [0x0000021d88390000, 0x0000021d888e0000, 0x0000021d8f8c0000]
CodeHeap 'non-nmethods': size=5760Kb used=2101Kb max_used=2133Kb free=3658Kb
 bounds [0x0000021d8f8c0000, 0x0000021d8fb30000, 0x0000021d8fe60000]
 total_blobs=3890 nmethods=3026 adapters=768
 compilation: enabled
              stopped_count=0, restarted_count=0
 full_count=0

Compilation events (20 events):
Event: 2.873 Thread 0x0000021d9bc10cd0 nmethod 3017 0x0000021d888d9b10 code [0x0000021d888d9d00, 0x0000021d888da2c0]
Event: 2.873 Thread 0x0000021da7ec92e0 nmethod 3011 0x0000021d8ffaf990 code [0x0000021d8ffafb20, 0x0000021d8ffafc58]
Event: 2.874 Thread 0x0000021d9bc10cd0 3018       3       java.util.stream.Collectors::castingIdentity (6 bytes)
Event: 2.874 Thread 0x0000021d9bc10cd0 nmethod 3018 0x0000021d888da490 code [0x0000021d888da640, 0x0000021d888da8a8]
Event: 2.874 Thread 0x0000021d9bc10cd0 3019       1       javafx.scene.layout.BackgroundFill::getFill (5 bytes)
Event: 2.874 Thread 0x0000021d9bc10cd0 nmethod 3019 0x0000021d8ffafd90 code [0x0000021d8ffaff20, 0x0000021d8ffaffe8]
Event: 2.874 Thread 0x0000021d9bc10cd0 3020       1       com.sun.javafx.sg.prism.NGNode::getTransform (5 bytes)
Event: 2.874 Thread 0x0000021d9bc10cd0 nmethod 3020 0x0000021d8ffb0090 code [0x0000021d8ffb0220, 0x0000021d8ffb02e8]
Event: 2.874 Thread 0x0000021d9bc10cd0 3021       3       com.sun.javafx.geom.transform.AffineBase::isTranslateOrIdentity (22 bytes)
Event: 2.874 Thread 0x0000021d9bc10cd0 nmethod 3021 0x0000021d888da990 code [0x0000021d888dab60, 0x0000021d888dafc0]
Event: 2.874 Thread 0x0000021d9bc10cd0 3023       3       com.sun.javafx.geom.Path2D$TxIterator::currentSegment (45 bytes)
Event: 2.875 Thread 0x0000021d9bc10cd0 nmethod 3023 0x0000021d888db110 code [0x0000021d888db2e0, 0x0000021d888db598]
Event: 2.875 Thread 0x0000021d9bc10cd0 3024       3       com.sun.marlin.ArrayCacheInt$Reference::doCleanRef (14 bytes)
Event: 2.875 Thread 0x0000021d9bc10cd0 nmethod 3024 0x0000021d888db710 code [0x0000021d888db8a0, 0x0000021d888dba08]
Event: 2.875 Thread 0x0000021d9bc10cd0 3022       1       com.sun.prism.impl.BaseGraphics::getCompositeMode (5 bytes)
Event: 2.875 Thread 0x0000021d9bc10cd0 nmethod 3022 0x0000021d8ffb0390 code [0x0000021d8ffb0520, 0x0000021d8ffb05e8]
Event: 2.875 Thread 0x0000021d9bc10cd0 3025       3       java.nio.Buffer::clear (20 bytes)
Event: 2.875 Thread 0x0000021d9bc10cd0 nmethod 3025 0x0000021d888dba90 code [0x0000021d888dbc20, 0x0000021d888dbd40]
Event: 2.875 Thread 0x0000021d9bc10cd0 3026       3       java.nio.ByteBuffer::rewind (7 bytes)
Event: 2.875 Thread 0x0000021d9bc10cd0 nmethod 3026 0x0000021d888dbe10 code [0x0000021d888dbfc0, 0x0000021d888dc138]

GC Heap History (8 events):
Event: 0.775 GC heap before
{Heap before GC invocations=0 (full 0):
 garbage-first heap   total 129024K, used 22528K [0x0000000083a00000, 0x0000000100000000)
  region size 1024K, 23 young (23552K), 0 survivors (0K)
 Metaspace       used 14028K, committed 14208K, reserved 1114112K
  class space    used 1442K, committed 1536K, reserved 1048576K
}
Event: 0.780 GC heap after
{Heap after GC invocations=1 (full 0):
 garbage-first heap   total 129024K, used 3072K [0x0000000083a00000, 0x0000000100000000)
  region size 1024K, 3 young (3072K), 3 survivors (3072K)
 Metaspace       used 14028K, committed 14208K, reserved 1114112K
  class space    used 1442K, committed 1536K, reserved 1048576K
}
Event: 1.355 GC heap before
{Heap before GC invocations=1 (full 0):
 garbage-first heap   total 129024K, used 32768K [0x0000000083a00000, 0x0000000100000000)
  region size 1024K, 34 young (34816K), 3 survivors (3072K)
 Metaspace       used 21275K, committed 21504K, reserved 1114112K
  class space    used 2483K, committed 2624K, reserved 1048576K
}
Event: 1.362 GC heap after
{Heap after GC invocations=2 (full 0):
 garbage-first heap   total 129024K, used 6713K [0x0000000083a00000, 0x0000000100000000)
  region size 1024K, 4 young (4096K), 4 survivors (4096K)
 Metaspace       used 21275K, committed 21504K, reserved 1114112K
  class space    used 2483K, committed 2624K, reserved 1048576K
}
Event: 1.742 GC heap before
{Heap before GC invocations=3 (full 0):
 garbage-first heap   total 27648K, used 27193K [0x0000000083a00000, 0x0000000100000000)
  region size 1024K, 24 young (24576K), 4 survivors (4096K)
 Metaspace       used 25124K, committed 25408K, reserved 1114112K
  class space    used 3160K, committed 3328K, reserved 1048576K
}
Event: 1.747 GC heap after
{Heap after GC invocations=4 (full 0):
 garbage-first heap   total 32768K, used 8006K [0x0000000083a00000, 0x0000000100000000)
  region size 1024K, 5 young (5120K), 5 survivors (5120K)
 Metaspace       used 25124K, committed 25408K, reserved 1114112K
  class space    used 3160K, committed 3328K, reserved 1048576K
}
Event: 2.694 GC heap before
{Heap before GC invocations=4 (full 0):
 garbage-first heap   total 32768K, used 24390K [0x0000000083a00000, 0x0000000100000000)
  region size 1024K, 19 young (19456K), 5 survivors (5120K)
 Metaspace       used 28619K, committed 28928K, reserved 1114112K
  class space    used 3517K, committed 3648K, reserved 1048576K
}
Event: 2.699 GC heap after
{Heap after GC invocations=5 (full 0):
 garbage-first heap   total 32768K, used 11683K [0x0000000083a00000, 0x0000000100000000)
  region size 1024K, 3 young (3072K), 3 survivors (3072K)
 Metaspace       used 28619K, committed 28928K, reserved 1114112K
  class space    used 3517K, committed 3648K, reserved 1048576K
}

Dll operation events (20 events):
Event: 0.915 Loaded shared library C:\Users\Hp\.openjfx\cache\21-ea+null\amd64\api-ms-win-crt-locale-l1-1-0.dll
Event: 0.917 Loaded shared library C:\Users\Hp\.openjfx\cache\21-ea+null\amd64\api-ms-win-crt-math-l1-1-0.dll
Event: 0.919 Loaded shared library C:\Users\Hp\.openjfx\cache\21-ea+null\amd64\api-ms-win-crt-multibyte-l1-1-0.dll
Event: 0.921 Loaded shared library C:\Users\Hp\.openjfx\cache\21-ea+null\amd64\api-ms-win-crt-private-l1-1-0.dll
Event: 0.923 Loaded shared library C:\Users\Hp\.openjfx\cache\21-ea+null\amd64\api-ms-win-crt-process-l1-1-0.dll
Event: 0.925 Loaded shared library C:\Users\Hp\.openjfx\cache\21-ea+null\amd64\api-ms-win-crt-runtime-l1-1-0.dll
Event: 0.927 Loaded shared library C:\Users\Hp\.openjfx\cache\21-ea+null\amd64\api-ms-win-crt-stdio-l1-1-0.dll
Event: 0.929 Loaded shared library C:\Users\Hp\.openjfx\cache\21-ea+null\amd64\api-ms-win-crt-string-l1-1-0.dll
Event: 0.932 Loaded shared library C:\Users\Hp\.openjfx\cache\21-ea+null\amd64\api-ms-win-crt-time-l1-1-0.dll
Event: 0.933 Loaded shared library C:\Users\Hp\.openjfx\cache\21-ea+null\amd64\api-ms-win-crt-utility-l1-1-0.dll
Event: 0.945 Loaded shared library C:\Users\Hp\.openjfx\cache\21-ea+null\amd64\ucrtbase.dll
Event: 0.948 Loaded shared library C:\Users\Hp\.openjfx\cache\21-ea+null\amd64\vcruntime140.dll
Event: 0.951 Loaded shared library C:\Users\Hp\.openjfx\cache\21-ea+null\amd64\vcruntime140_1.dll
Event: 0.959 Loaded shared library C:\Users\Hp\.openjfx\cache\21-ea+null\amd64\msvcp140.dll
Event: 0.961 Loaded shared library C:\Users\Hp\.openjfx\cache\21-ea+null\amd64\msvcp140_1.dll
Event: 0.966 Loaded shared library C:\Users\Hp\.openjfx\cache\21-ea+null\amd64\msvcp140_2.dll
Event: 0.996 Loaded shared library C:\Users\Hp\.openjfx\cache\21-ea+null\amd64\prism_d3d.dll
Event: 1.041 Loaded shared library C:\Users\Hp\.openjfx\cache\21-ea+null\amd64\glass.dll
Event: 1.200 Loaded shared library C:\Users\Hp\.openjfx\cache\21-ea+null\amd64\javafx_font.dll
Event: 2.667 Loaded shared library C:\Users\Hp\.jdks\openjdk-21.0.2\bin\sunmscapi.dll

Deoptimization events (20 events):
Event: 2.658 Thread 0x0000021d9bbe50f0 Uncommon trap: trap_request=0xffffffde fr.pc=0x0000021d8feeb298 relative=0x0000000000000f78
Event: 2.658 Thread 0x0000021d9bbe50f0 Uncommon trap: reason=class_check action=maybe_recompile pc=0x0000021d8feeb298 method=java.util.HashMap.putVal(ILjava/lang/Object;Ljava/lang/Object;ZZ)Ljava/lang/Object; @ 203 c2
Event: 2.658 Thread 0x0000021d9bbe50f0 DEOPT PACKING pc=0x0000021d8feeb298 sp=0x000000a77c6f97b0
Event: 2.658 Thread 0x0000021d9bbe50f0 DEOPT UNPACKING pc=0x0000021d8f917da2 sp=0x000000a77c6f9740 mode 2
Event: 2.658 Thread 0x0000021d9bbe50f0 Uncommon trap: trap_request=0xffffffde fr.pc=0x0000021d8feeb298 relative=0x0000000000000f78
Event: 2.658 Thread 0x0000021d9bbe50f0 Uncommon trap: reason=class_check action=maybe_recompile pc=0x0000021d8feeb298 method=java.util.HashMap.putVal(ILjava/lang/Object;Ljava/lang/Object;ZZ)Ljava/lang/Object; @ 203 c2
Event: 2.658 Thread 0x0000021d9bbe50f0 DEOPT PACKING pc=0x0000021d8feeb298 sp=0x000000a77c6f97b0
Event: 2.658 Thread 0x0000021d9bbe50f0 DEOPT UNPACKING pc=0x0000021d8f917da2 sp=0x000000a77c6f9740 mode 2
Event: 2.694 Thread 0x0000021d9bbe50f0 Uncommon trap: trap_request=0xffffff45 fr.pc=0x0000021d8feb7ddc relative=0x00000000000004fc
Event: 2.694 Thread 0x0000021d9bbe50f0 Uncommon trap: reason=unstable_if action=reinterpret pc=0x0000021d8feb7ddc method=java.lang.AbstractStringBuilder.inflateIfNeededFor(Ljava/lang/String;)V @ 14 c2
Event: 2.694 Thread 0x0000021d9bbe50f0 DEOPT PACKING pc=0x0000021d8feb7ddc sp=0x000000a77c6f9f20
Event: 2.694 Thread 0x0000021d9bbe50f0 DEOPT UNPACKING pc=0x0000021d8f917da2 sp=0x000000a77c6f9dc0 mode 2
Event: 2.694 Thread 0x0000021d9bbe50f0 Uncommon trap: trap_request=0xffffff45 fr.pc=0x0000021d8fed0014 relative=0x0000000000000554
Event: 2.694 Thread 0x0000021d9bbe50f0 Uncommon trap: reason=unstable_if action=reinterpret pc=0x0000021d8fed0014 method=java.lang.AbstractStringBuilder.isLatin1()Z @ 10 c2
Event: 2.694 Thread 0x0000021d9bbe50f0 DEOPT PACKING pc=0x0000021d8fed0014 sp=0x000000a77c6f9f20
Event: 2.694 Thread 0x0000021d9bbe50f0 DEOPT UNPACKING pc=0x0000021d8f917da2 sp=0x000000a77c6f9db8 mode 2
Event: 2.694 Thread 0x0000021d9bbe50f0 Uncommon trap: trap_request=0xffffff45 fr.pc=0x0000021d8fecb354 relative=0x00000000000004f4
Event: 2.694 Thread 0x0000021d9bbe50f0 Uncommon trap: reason=unstable_if action=reinterpret pc=0x0000021d8fecb354 method=java.lang.AbstractStringBuilder.inflateIfNeededFor(Ljava/lang/String;)V @ 14 c2
Event: 2.694 Thread 0x0000021d9bbe50f0 DEOPT PACKING pc=0x0000021d8fecb354 sp=0x000000a77c6f9eb0
Event: 2.694 Thread 0x0000021d9bbe50f0 DEOPT UNPACKING pc=0x0000021d8f917da2 sp=0x000000a77c6f9db8 mode 2

Classes loaded (20 events):
Event: 2.773 Loading class sun/util/resources/cldr/CalendarData
Event: 2.773 Loading class java/util/ListResourceBundle
Event: 2.773 Loading class java/util/ListResourceBundle done
Event: 2.773 Loading class sun/util/resources/cldr/CalendarData done
Event: 2.874 Loading class java/util/concurrent/CompletableFuture
Event: 2.875 Loading class java/util/concurrent/CompletionStage
Event: 2.875 Loading class java/util/concurrent/CompletionStage done
Event: 2.875 Loading class java/util/concurrent/CompletableFuture done
Event: 2.875 Loading class java/util/concurrent/CompletableFuture$AltResult
Event: 2.875 Loading class java/util/concurrent/CompletableFuture$AltResult done
Event: 2.875 Loading class java/util/concurrent/CompletableFuture$Completion
Event: 2.875 Loading class java/util/concurrent/CompletableFuture$AsynchronousCompletionTask
Event: 2.875 Loading class java/util/concurrent/CompletableFuture$AsynchronousCompletionTask done
Event: 2.875 Loading class java/util/concurrent/ForkJoinTask
Event: 2.876 Loading class java/util/concurrent/ForkJoinTask done
Event: 2.876 Loading class java/util/concurrent/CompletableFuture$Completion done
Event: 2.877 Loading class java/util/IdentityHashMap$KeyIterator
Event: 2.877 Loading class java/util/IdentityHashMap$IdentityHashMapIterator
Event: 2.877 Loading class java/util/IdentityHashMap$IdentityHashMapIterator done
Event: 2.877 Loading class java/util/IdentityHashMap$KeyIterator done

Classes unloaded (0 events):
No events

Classes redefined (0 events):
No events

Internal exceptions (20 events):
Event: 1.416 Thread 0x0000021d9bbe50f0 Implicit null exception at 0x0000021d8fec5b3a to 0x0000021d8fec5d98
Event: 1.422 Thread 0x0000021d9bbe50f0 Exception <a 'java/lang/ClassNotFoundException'{0x0000000084b6a4d8}: com/sun/javafx/scene/control/skin/resources/controls> (0x0000000084b6a4d8) 
thrown [s\open\src\hotspot\share\prims\jni.cpp, line 539]
Event: 1.423 Thread 0x0000021d9bbe50f0 Exception <a 'java/lang/ClassNotFoundException'{0x0000000084b78488}: com/sun/javafx/scene/control/skin/resources/controls_en> (0x0000000084b78488) 
thrown [s\open\src\hotspot\share\prims\jni.cpp, line 539]
Event: 1.423 Thread 0x0000021d9bbe50f0 Exception <a 'java/lang/ClassNotFoundException'{0x0000000084b79768}: com/sun/javafx/scene/control/skin/resources/controls_en_MY> (0x0000000084b79768) 
thrown [s\open\src\hotspot\share\prims\jni.cpp, line 539]
Event: 1.424 Thread 0x0000021d9bbe50f0 Implicit null exception at 0x0000021d8fe8f43d to 0x0000021d8fe8f4b9
Event: 1.559 Thread 0x0000021d9bbe50f0 Exception <a 'java/lang/IncompatibleClassChangeError'{0x0000000084367190}: Found class java.lang.Object, but interface was expected> (0x0000000084367190) 
thrown [s\open\src\hotspot\share\interpreter\linkResolver.cpp, line 840]
Event: 1.593 Thread 0x0000021d9bbe50f0 Exception <a 'java/lang/NoSuchMethodError'{0x0000000084148f30}: 'int java.lang.invoke.DirectMethodHandle$Holder.invokeSpecial(java.lang.Object, java.lang.Object, int)'> (0x0000000084148f30) 
thrown [s\open\src\hotspot\share\interpreter\linkResolver.cpp, line 773]
Event: 1.594 Thread 0x0000021d9bbe50f0 Exception <a 'java/lang/NoSuchMethodError'{0x00000000841505c0}: 'int java.lang.invoke.DirectMethodHandle$Holder.invokeSpecial(java.lang.Object, java.lang.Object, java.lang.Object, int)'> (0x00000000841505c0) 
thrown [s\open\src\hotspot\share\interpreter\linkResolver.cpp, line 773]
Event: 1.595 Thread 0x0000021d9bbe50f0 Exception <a 'java/lang/NoSuchMethodError'{0x00000000841626a0}: 'java.lang.Object java.lang.invoke.DirectMethodHandle$Holder.invokeStatic(java.lang.Object, java.lang.Object, java.lang.Object, java.lang.Object, int)'> (0x00000000841626a0) 
thrown [s\open\src\hotspot\share\interpreter\linkResolver.cpp, line 773]
Event: 2.440 Thread 0x0000021d9bbe50f0 Exception <a 'java/lang/NoSuchMethodError'{0x0000000084f71c88}: 'long java.lang.invoke.DirectMethodHandle$Holder.invokeStatic(java.lang.Object, java.lang.Object, java.lang.Object)'> (0x0000000084f71c88) 
thrown [s\open\src\hotspot\share\interpreter\linkResolver.cpp, line 773]
Event: 2.441 Thread 0x0000021d9bbe50f0 Exception <a 'java/lang/NoSuchMethodError'{0x0000000084f755b8}: 'long java.lang.invoke.DirectMethodHandle$Holder.invokeStaticInit(java.lang.Object, java.lang.Object, java.lang.Object)'> (0x0000000084f755b8) 
thrown [s\open\src\hotspot\share\interpreter\linkResolver.cpp, line 773]
Event: 2.442 Thread 0x0000021d9bbe50f0 Exception <a 'java/lang/NoSuchMethodError'{0x0000000084f8a480}: 'java.lang.Object java.lang.invoke.DirectMethodHandle$Holder.newInvokeSpecial(java.lang.Object, java.lang.Object, long)'> (0x0000000084f8a480) 
thrown [s\open\src\hotspot\share\interpreter\linkResolver.cpp, line 773]
Event: 2.442 Thread 0x0000021d9bbe50f0 Exception <a 'java/lang/NoSuchMethodError'{0x0000000084f8e028}: 'java.lang.Object java.lang.invoke.Invokers$Holder.linkToTargetMethod(java.lang.Object, long, java.lang.Object)'> (0x0000000084f8e028) 
thrown [s\open\src\hotspot\share\interpreter\linkResolver.cpp, line 773]
Event: 2.528 Thread 0x0000021d9bbe50f0 Exception <a 'sun/nio/fs/WindowsException'{0x0000000084fa9b70}> (0x0000000084fa9b70) 
thrown [s\open\src\hotspot\share\prims\jni.cpp, line 520]
Event: 2.542 Thread 0x0000021d9bbe50f0 Exception <a 'sun/nio/fs/WindowsException'{0x0000000084fe6010}> (0x0000000084fe6010) 
thrown [s\open\src\hotspot\share\prims\jni.cpp, line 520]
Event: 2.542 Thread 0x0000021d9bbe50f0 Exception <a 'sun/nio/fs/WindowsException'{0x0000000084fe6dc0}> (0x0000000084fe6dc0) 
thrown [s\open\src\hotspot\share\prims\jni.cpp, line 520]
Event: 2.634 Thread 0x0000021d9bbe50f0 Exception <a 'sun/nio/fs/WindowsException'{0x000000008491d320}> (0x000000008491d320) 
thrown [s\open\src\hotspot\share\prims\jni.cpp, line 520]
Event: 2.634 Thread 0x0000021d9bbe50f0 Exception <a 'sun/nio/fs/WindowsException'{0x000000008491e168}> (0x000000008491e168) 
thrown [s\open\src\hotspot\share\prims\jni.cpp, line 520]
Event: 2.782 Thread 0x0000021d9bbe50f0 Exception <a 'sun/nio/fs/WindowsException'{0x00000000893aae58}> (0x00000000893aae58) 
thrown [s\open\src\hotspot\share\prims\jni.cpp, line 520]
Event: 2.870 Thread 0x0000021dfd1494e0 Exception <a 'java/lang/IncompatibleClassChangeError'{0x00000000853b1678}: Found class java.lang.Object, but interface was expected> (0x00000000853b1678) 
thrown [s\open\src\hotspot\share\interpreter\linkResolver.cpp, line 840]

ZGC Phase Switch (0 events):
No events

VM Operations (20 events):
Event: 1.366 Executing VM operation: G1PauseRemark done
Event: 1.367 Executing VM operation: G1PauseCleanup
Event: 1.371 Executing VM operation: G1PauseCleanup done
Event: 1.742 Executing VM operation: G1CollectForAllocation (G1 Evacuation Pause)
Event: 1.747 Executing VM operation: G1CollectForAllocation (G1 Evacuation Pause) done
Event: 2.548 Executing VM operation: HandshakeAllThreads (Deoptimize)
Event: 2.548 Executing VM operation: HandshakeAllThreads (Deoptimize) done
Event: 2.548 Executing VM operation: HandshakeAllThreads (Deoptimize)
Event: 2.548 Executing VM operation: HandshakeAllThreads (Deoptimize) done
Event: 2.576 Executing VM operation: HandshakeAllThreads (Deoptimize)
Event: 2.576 Executing VM operation: HandshakeAllThreads (Deoptimize) done
Event: 2.579 Executing VM operation: HandshakeAllThreads (Deoptimize)
Event: 2.579 Executing VM operation: HandshakeAllThreads (Deoptimize) done
Event: 2.596 Executing VM operation: ICBufferFull
Event: 2.596 Executing VM operation: ICBufferFull done
Event: 2.687 Executing VM operation: HandshakeAllThreads (Deoptimize)
Event: 2.687 Executing VM operation: HandshakeAllThreads (Deoptimize) done
Event: 2.694 Executing VM operation: G1CollectForAllocation (G1 Evacuation Pause)
Event: 2.699 Executing VM operation: G1CollectForAllocation (G1 Evacuation Pause) done
Event: 2.878 Executing VM operation: Exit

Events (20 events):
Event: 0.060 Thread 0x0000021d9bc10cd0 Thread added: 0x0000021d9bc10cd0
Event: 0.096 Thread 0x0000021d9bbe5780 Thread added: 0x0000021d9bbe5780
Event: 0.200 Thread 0x0000021d9bf0d2a0 Thread added: 0x0000021d9bf0d2a0
Event: 0.203 Thread 0x0000021d9bf0d950 Thread added: 0x0000021d9bf0d950
Event: 0.338 Thread 0x0000021d9bbe3020 Thread added: 0x0000021d9bbe3020
Event: 0.338 Thread 0x0000021d9bbe3d40 Thread added: 0x0000021d9bbe3d40
Event: 0.988 Thread 0x0000021d9bbe4a60 Thread added: 0x0000021d9bbe4a60
Event: 1.043 Thread 0x0000021d9bbe43d0 Thread added: 0x0000021d9bbe43d0
Event: 1.046 Thread 0x0000021d9bbe50f0 Thread added: 0x0000021d9bbe50f0
Event: 1.126 Thread 0x0000021d9bbe5e10 Thread added: 0x0000021d9bbe5e10
Event: 1.553 Thread 0x0000021d9bbe64a0 Thread added: 0x0000021d9bbe64a0
Event: 1.734 Thread 0x0000021da7d514d0 Thread added: 0x0000021da7d514d0
Event: 2.062 Thread 0x0000021d9bf0d950 Thread exited: 0x0000021d9bf0d950
Event: 2.062 Thread 0x0000021d9bf0d2a0 Thread exited: 0x0000021d9bf0d2a0
Event: 2.541 Thread 0x0000021da7d52f10 Thread added: 0x0000021da7d52f10
Event: 2.573 Thread 0x0000021da7ec92e0 Thread added: 0x0000021da7ec92e0
Event: 2.877 Thread 0x0000021da7d51b60 Thread added: 0x0000021da7d51b60
Event: 2.877 Thread 0x0000021da7d50120 Thread added: 0x0000021da7d50120
Event: 2.877 Thread 0x0000021da7d51b60 Thread exited: 0x0000021da7d51b60
Event: 2.878 Thread 0x0000021da7d50120 Thread exited: 0x0000021da7d50120


Dynamic libraries:
0x00007ff65f260000 - 0x00007ff65f26e000 	C:\Users\Hp\.jdks\openjdk-21.0.2\bin\java.exe
0x00007ff8c3d10000 - 0x00007ff8c3f26000 	C:\WINDOWS\SYSTEM32\ntdll.dll
0x00007ff8c2530000 - 0x00007ff8c25f4000 	C:\WINDOWS\System32\KERNEL32.DLL
0x00007ff8c11a0000 - 0x00007ff8c1547000 	C:\WINDOWS\System32\KERNELBASE.dll
0x00007ff8c15f0000 - 0x00007ff8c1701000 	C:\WINDOWS\System32\ucrtbase.dll
0x00007ff89c8b0000 - 0x00007ff89c8cb000 	C:\Users\Hp\.jdks\openjdk-21.0.2\bin\VCRUNTIME140.dll
0x00007ff89d720000 - 0x00007ff89d738000 	C:\Users\Hp\.jdks\openjdk-21.0.2\bin\jli.dll
0x00007ff8c29c0000 - 0x00007ff8c2b6e000 	C:\WINDOWS\System32\USER32.dll
0x00007ff89cab0000 - 0x00007ff89cd43000 	C:\WINDOWS\WinSxS\amd64_microsoft.windows.common-controls_6595b64144ccf1df_6.0.22621.3235_none_270f74e173860f98\COMCTL32.dll
0x00007ff8c1550000 - 0x00007ff8c1576000 	C:\WINDOWS\System32\win32u.dll
0x00007ff8c3bc0000 - 0x00007ff8c3c67000 	C:\WINDOWS\System32\msvcrt.dll
0x00007ff8c3580000 - 0x00007ff8c35a9000 	C:\WINDOWS\System32\GDI32.dll
0x00007ff8c17b0000 - 0x00007ff8c18c9000 	C:\WINDOWS\System32\gdi32full.dll
0x00007ff8c1710000 - 0x00007ff8c17aa000 	C:\WINDOWS\System32\msvcp_win.dll
0x00007ff8c27a0000 - 0x00007ff8c27d1000 	C:\WINDOWS\System32\IMM32.DLL
0x00007ff89d340000 - 0x00007ff89d34c000 	C:\Users\Hp\.jdks\openjdk-21.0.2\bin\vcruntime140_1.dll
0x00007ff870a70000 - 0x00007ff870afe000 	C:\Users\Hp\.jdks\openjdk-21.0.2\bin\msvcp140.dll
0x00007ff84c4b0000 - 0x00007ff84d1c7000 	C:\Users\Hp\.jdks\openjdk-21.0.2\bin\server\jvm.dll
0x00007ff8c26e0000 - 0x00007ff8c2792000 	C:\WINDOWS\System32\ADVAPI32.dll
0x00007ff8c1fb0000 - 0x00007ff8c2058000 	C:\WINDOWS\System32\sechost.dll
0x00007ff8c18d0000 - 0x00007ff8c18f8000 	C:\WINDOWS\System32\bcrypt.dll
0x00007ff8c2060000 - 0x00007ff8c2175000 	C:\WINDOWS\System32\RPCRT4.dll
0x00007ff8c2600000 - 0x00007ff8c2671000 	C:\WINDOWS\System32\WS2_32.dll
0x00007ff8c08e0000 - 0x00007ff8c092d000 	C:\WINDOWS\SYSTEM32\POWRPROF.dll
0x00007ff8b30e0000 - 0x00007ff8b3114000 	C:\WINDOWS\SYSTEM32\WINMM.dll
0x00007ff8ae660000 - 0x00007ff8ae66a000 	C:\WINDOWS\SYSTEM32\VERSION.dll
0x00007ff8c08c0000 - 0x00007ff8c08d3000 	C:\WINDOWS\SYSTEM32\UMPDC.dll
0x00007ff8c0040000 - 0x00007ff8c0058000 	C:\WINDOWS\SYSTEM32\kernel.appcore.dll
0x00007ff89c8a0000 - 0x00007ff89c8aa000 	C:\Users\Hp\.jdks\openjdk-21.0.2\bin\jimage.dll
0x00007ff8be910000 - 0x00007ff8beb43000 	C:\WINDOWS\SYSTEM32\DBGHELP.DLL
0x00007ff8c1a60000 - 0x00007ff8c1de8000 	C:\WINDOWS\System32\combase.dll
0x00007ff8c2350000 - 0x00007ff8c2427000 	C:\WINDOWS\System32\OLEAUT32.dll
0x00007ff8b0e40000 - 0x00007ff8b0e72000 	C:\WINDOWS\SYSTEM32\dbgcore.DLL
0x00007ff8c19c0000 - 0x00007ff8c1a39000 	C:\WINDOWS\System32\bcryptPrimitives.dll
0x00007ff8968e0000 - 0x00007ff8968ef000 	C:\Users\Hp\.jdks\openjdk-21.0.2\bin\instrument.dll
0x00007ff884690000 - 0x00007ff8846af000 	C:\Users\Hp\.jdks\openjdk-21.0.2\bin\java.dll
0x00007ff8c2d20000 - 0x00007ff8c357c000 	C:\WINDOWS\System32\SHELL32.dll
0x00007ff8bef40000 - 0x00007ff8bf839000 	C:\WINDOWS\SYSTEM32\windows.storage.dll
0x00007ff8bee00000 - 0x00007ff8bef3e000 	C:\WINDOWS\SYSTEM32\wintypes.dll
0x00007ff8c2430000 - 0x00007ff8c2523000 	C:\WINDOWS\System32\SHCORE.dll
0x00007ff8c2680000 - 0x00007ff8c26de000 	C:\WINDOWS\System32\shlwapi.dll
0x00007ff8c0f60000 - 0x00007ff8c0f81000 	C:\WINDOWS\SYSTEM32\profapi.dll
0x00007ff851010000 - 0x00007ff8510e7000 	C:\Users\Hp\.jdks\openjdk-21.0.2\bin\jsvml.dll
0x00007ff8915f0000 - 0x00007ff891600000 	C:\Users\Hp\.jdks\openjdk-21.0.2\bin\net.dll
0x00007ff8b7730000 - 0x00007ff8b7866000 	C:\WINDOWS\SYSTEM32\WINHTTP.dll
0x00007ff8c04c0000 - 0x00007ff8c0529000 	C:\WINDOWS\system32\mswsock.dll
0x00007ff8809c0000 - 0x00007ff8809d6000 	C:\Users\Hp\.jdks\openjdk-21.0.2\bin\nio.dll
0x00007ff87dd20000 - 0x00007ff87dd38000 	C:\Users\Hp\.jdks\openjdk-21.0.2\bin\zip.dll
0x00007ff8723a0000 - 0x00007ff8723ba000 	C:\Program Files\JetBrains\IntelliJ IDEA 2023.2.2\bin\breakgen64.dll
0x00007ff882bb0000 - 0x00007ff882bb9000 	C:\Users\Hp\.jdks\openjdk-21.0.2\bin\extnet.dll
0x0000021d9bf70000 - 0x0000021d9bf73000 	C:\Users\Hp\.openjfx\cache\21-ea+null\amd64\api-ms-win-core-console-l1-1-0.dll
0x0000021d9bf80000 - 0x0000021d9bf83000 	C:\Users\Hp\.openjfx\cache\21-ea+null\amd64\api-ms-win-core-console-l1-2-0.dll
0x0000021d9bf90000 - 0x0000021d9bf93000 	C:\Users\Hp\.openjfx\cache\21-ea+null\amd64\api-ms-win-core-datetime-l1-1-0.dll
0x0000021d9bfa0000 - 0x0000021d9bfa3000 	C:\Users\Hp\.openjfx\cache\21-ea+null\amd64\api-ms-win-core-debug-l1-1-0.dll
0x0000021d9bfb0000 - 0x0000021d9bfb3000 	C:\Users\Hp\.openjfx\cache\21-ea+null\amd64\api-ms-win-core-errorhandling-l1-1-0.dll
0x0000021d9bfc0000 - 0x0000021d9bfc4000 	C:\Users\Hp\.openjfx\cache\21-ea+null\amd64\api-ms-win-core-file-l1-1-0.dll
0x0000021d9bfd0000 - 0x0000021d9bfd3000 	C:\Users\Hp\.openjfx\cache\21-ea+null\amd64\api-ms-win-core-file-l1-2-0.dll
0x0000021d9bfe0000 - 0x0000021d9bfe3000 	C:\Users\Hp\.openjfx\cache\21-ea+null\amd64\api-ms-win-core-file-l2-1-0.dll
0x0000021d9bff0000 - 0x0000021d9bff3000 	C:\Users\Hp\.openjfx\cache\21-ea+null\amd64\api-ms-win-core-handle-l1-1-0.dll
0x0000021da18d0000 - 0x0000021da18d3000 	C:\Users\Hp\.openjfx\cache\21-ea+null\amd64\api-ms-win-core-heap-l1-1-0.dll
0x0000021da18e0000 - 0x0000021da18e3000 	C:\Users\Hp\.openjfx\cache\21-ea+null\amd64\api-ms-win-core-interlocked-l1-1-0.dll
0x0000021da18f0000 - 0x0000021da18f3000 	C:\Users\Hp\.openjfx\cache\21-ea+null\amd64\api-ms-win-core-libraryloader-l1-1-0.dll
0x0000021da1900000 - 0x0000021da1903000 	C:\Users\Hp\.openjfx\cache\21-ea+null\amd64\api-ms-win-core-localization-l1-2-0.dll
0x0000021da1910000 - 0x0000021da1913000 	C:\Users\Hp\.openjfx\cache\21-ea+null\amd64\api-ms-win-core-memory-l1-1-0.dll
0x0000021da1920000 - 0x0000021da1923000 	C:\Users\Hp\.openjfx\cache\21-ea+null\amd64\api-ms-win-core-namedpipe-l1-1-0.dll
0x0000021da1930000 - 0x0000021da1933000 	C:\Users\Hp\.openjfx\cache\21-ea+null\amd64\api-ms-win-core-processenvironment-l1-1-0.dll
0x0000021da1940000 - 0x0000021da1943000 	C:\Users\Hp\.openjfx\cache\21-ea+null\amd64\api-ms-win-core-processthreads-l1-1-0.dll
0x0000021da1950000 - 0x0000021da1953000 	C:\Users\Hp\.openjfx\cache\21-ea+null\amd64\api-ms-win-core-processthreads-l1-1-1.dll
0x0000021da1960000 - 0x0000021da1963000 	C:\Users\Hp\.openjfx\cache\21-ea+null\amd64\api-ms-win-core-profile-l1-1-0.dll
0x0000021da1970000 - 0x0000021da1973000 	C:\Users\Hp\.openjfx\cache\21-ea+null\amd64\api-ms-win-core-rtlsupport-l1-1-0.dll
0x0000021da1980000 - 0x0000021da1983000 	C:\Users\Hp\.openjfx\cache\21-ea+null\amd64\api-ms-win-core-string-l1-1-0.dll
0x0000021da1990000 - 0x0000021da1993000 	C:\Users\Hp\.openjfx\cache\21-ea+null\amd64\api-ms-win-core-synch-l1-1-0.dll
0x0000021da19a0000 - 0x0000021da19a3000 	C:\Users\Hp\.openjfx\cache\21-ea+null\amd64\api-ms-win-core-synch-l1-2-0.dll
0x0000021da19b0000 - 0x0000021da19b3000 	C:\Users\Hp\.openjfx\cache\21-ea+null\amd64\api-ms-win-core-sysinfo-l1-1-0.dll
0x0000021da19c0000 - 0x0000021da19c3000 	C:\Users\Hp\.openjfx\cache\21-ea+null\amd64\api-ms-win-core-timezone-l1-1-0.dll
0x0000021da19d0000 - 0x0000021da19d3000 	C:\Users\Hp\.openjfx\cache\21-ea+null\amd64\api-ms-win-core-util-l1-1-0.dll
0x0000021da19e0000 - 0x0000021da19e3000 	C:\Users\Hp\.openjfx\cache\21-ea+null\amd64\api-ms-win-crt-conio-l1-1-0.dll
0x0000021da19f0000 - 0x0000021da19f4000 	C:\Users\Hp\.openjfx\cache\21-ea+null\amd64\api-ms-win-crt-convert-l1-1-0.dll
0x0000021da1a00000 - 0x0000021da1a03000 	C:\Users\Hp\.openjfx\cache\21-ea+null\amd64\api-ms-win-crt-environment-l1-1-0.dll
0x0000021da1a10000 - 0x0000021da1a13000 	C:\Users\Hp\.openjfx\cache\21-ea+null\amd64\api-ms-win-crt-filesystem-l1-1-0.dll
0x0000021da1a20000 - 0x0000021da1a23000 	C:\Users\Hp\.openjfx\cache\21-ea+null\amd64\api-ms-win-crt-heap-l1-1-0.dll
0x0000021da1a30000 - 0x0000021da1a33000 	C:\Users\Hp\.openjfx\cache\21-ea+null\amd64\api-ms-win-crt-locale-l1-1-0.dll
0x0000021da1a40000 - 0x0000021da1a45000 	C:\Users\Hp\.openjfx\cache\21-ea+null\amd64\api-ms-win-crt-math-l1-1-0.dll
0x0000021da1a50000 - 0x0000021da1a55000 	C:\Users\Hp\.openjfx\cache\21-ea+null\amd64\api-ms-win-crt-multibyte-l1-1-0.dll
0x0000021da1a60000 - 0x0000021da1a70000 	C:\Users\Hp\.openjfx\cache\21-ea+null\amd64\api-ms-win-crt-private-l1-1-0.dll
0x0000021da1a70000 - 0x0000021da1a73000 	C:\Users\Hp\.openjfx\cache\21-ea+null\amd64\api-ms-win-crt-process-l1-1-0.dll
0x0000021da1a80000 - 0x0000021da1a84000 	C:\Users\Hp\.openjfx\cache\21-ea+null\amd64\api-ms-win-crt-runtime-l1-1-0.dll
0x0000021da1a90000 - 0x0000021da1a94000 	C:\Users\Hp\.openjfx\cache\21-ea+null\amd64\api-ms-win-crt-stdio-l1-1-0.dll
0x0000021da1aa0000 - 0x0000021da1aa4000 	C:\Users\Hp\.openjfx\cache\21-ea+null\amd64\api-ms-win-crt-string-l1-1-0.dll
0x0000021da1ab0000 - 0x0000021da1ab3000 	C:\Users\Hp\.openjfx\cache\21-ea+null\amd64\api-ms-win-crt-time-l1-1-0.dll
0x0000021da1ac0000 - 0x0000021da1ac3000 	C:\Users\Hp\.openjfx\cache\21-ea+null\amd64\api-ms-win-crt-utility-l1-1-0.dll
0x00007ff8722a0000 - 0x00007ff87239c000 	C:\Users\Hp\.openjfx\cache\21-ea+null\amd64\ucrtbase.dll
0x00007ff870a50000 - 0x00007ff870a6b000 	C:\Users\Hp\.openjfx\cache\21-ea+null\amd64\vcruntime140.dll
0x00007ff87ea00000 - 0x00007ff87ea0c000 	C:\Users\Hp\.openjfx\cache\21-ea+null\amd64\vcruntime140_1.dll
0x00007ff86fd70000 - 0x00007ff86fdfe000 	C:\Users\Hp\.openjfx\cache\21-ea+null\amd64\msvcp140.dll
0x00007ff8c2180000 - 0x00007ff8c2325000 	C:\WINDOWS\System32\ole32.dll
0x00007ff87e860000 - 0x00007ff87e869000 	C:\Users\Hp\.openjfx\cache\21-ea+null\amd64\msvcp140_1.dll
0x00007ff870a20000 - 0x00007ff870a4f000 	C:\Users\Hp\.openjfx\cache\21-ea+null\amd64\msvcp140_2.dll
0x00007ff8704a0000 - 0x00007ff8704cf000 	C:\Users\Hp\.openjfx\cache\21-ea+null\amd64\prism_d3d.dll
0x00007ff871db0000 - 0x00007ff871f59000 	C:\WINDOWS\system32\d3d9.dll
0x00007ff8be1b0000 - 0x00007ff8be1db000 	C:\WINDOWS\SYSTEM32\dwmapi.dll
0x00007ff8be040000 - 0x00007ff8be079000 	C:\WINDOWS\SYSTEM32\dxcore.dll
0x00007ff8bdf20000 - 0x00007ff8bdfcb000 	C:\WINDOWS\system32\uxtheme.dll
0x00007ff811c90000 - 0x00007ff811ec8000 	C:\WINDOWS\System32\DriverStore\FileRepository\iigd_dch.inf_amd64_0fdf6ce291234272\igdumdim64.dll
0x00007ff80ff60000 - 0x00007ff8112d0000 	C:\WINDOWS\System32\DriverStore\FileRepository\iigd_dch.inf_amd64_0fdf6ce291234272\igd9dxva64.dll
0x00007ff8c3740000 - 0x00007ff8c3bb4000 	C:\WINDOWS\System32\SETUPAPI.dll
0x00007ff8c0d20000 - 0x00007ff8c0d6e000 	C:\WINDOWS\SYSTEM32\cfgmgr32.dll
0x00007ff843a60000 - 0x00007ff845781000 	C:\WINDOWS\System32\DriverStore\FileRepository\iigd_dch.inf_amd64_0fdf6ce291234272\media_bin_64.dll
0x00007ff8b2460000 - 0x00007ff8b2898000 	C:\WINDOWS\System32\DriverStore\FileRepository\iigd_dch.inf_amd64_0fdf6ce291234272\igdgmm64.dll
0x00007ff8b8340000 - 0x00007ff8b838a000 	C:\WINDOWS\SYSTEM32\directxdatabasehelper.dll
0x00007ff86fd20000 - 0x00007ff86fd62000 	C:\Users\Hp\.openjfx\cache\21-ea+null\amd64\glass.dll
0x00007ff8c3640000 - 0x00007ff8c3739000 	C:\WINDOWS\System32\COMDLG32.dll
0x00007ff8c27e0000 - 0x00007ff8c2933000 	C:\WINDOWS\System32\MSCTF.dll
0x00007ff89c9c0000 - 0x00007ff89c9e7000 	C:\WINDOWS\System32\DriverStore\FileRepository\iigd_dch.inf_amd64_0fdf6ce291234272\igdinfo64.dll
0x00007ff8aa610000 - 0x00007ff8ae4bd000 	C:\WINDOWS\System32\DriverStore\FileRepository\iigd_dch.inf_amd64_0fdf6ce291234272\igc64.dll
0x00007ff870880000 - 0x00007ff870894000 	C:\Users\Hp\.openjfx\cache\21-ea+null\amd64\javafx_font.dll
0x00007ff8bc850000 - 0x00007ff8bcac4000 	C:\WINDOWS\SYSTEM32\dwrite.dll
0x00007ff8c2c70000 - 0x00007ff8c2d20000 	C:\WINDOWS\System32\clbcatq.dll
0x00007ff8bc6a0000 - 0x00007ff8bc850000 	C:\WINDOWS\SYSTEM32\WindowsCodecs.dll
0x00007ff88fc50000 - 0x00007ff88fcae000 	C:\WINDOWS\system32\dataexchange.dll
0x00007ff8b6520000 - 0x00007ff8b67ae000 	C:\WINDOWS\system32\twinapi.appcore.dll
0x00007ff870460000 - 0x00007ff870492000 	C:\Program Files\Common Files\Microsoft Shared\Ink\rtscom.dll
0x00007ff8a3e50000 - 0x00007ff8a3f9a000 	C:\WINDOWS\SYSTEM32\textinputframework.dll
0x00007ff8bdaa0000 - 0x00007ff8bdbd4000 	C:\WINDOWS\SYSTEM32\CoreMessaging.dll
0x00007ff8b7a70000 - 0x00007ff8b7ddc000 	C:\WINDOWS\SYSTEM32\CoreUIComponents.dll
0x00007ff8c0740000 - 0x00007ff8c074c000 	C:\WINDOWS\SYSTEM32\CRYPTBASE.DLL
0x00007ff8b1520000 - 0x00007ff8b1589000 	C:\WINDOWS\system32\Oleacc.dll
0x00007ff8bfb10000 - 0x00007ff8bfc09000 	C:\WINDOWS\SYSTEM32\DNSAPI.dll

dbghelp: loaded successfully - version: 4.0.5 - missing functions: none
symbol engine: initialized successfully - sym options: 0x614 - pdb path: .;C:\Users\Hp\.jdks\openjdk-21.0.2\bin;C:\WINDOWS\SYSTEM32;C:\WINDOWS\WinSxS\amd64_microsoft.windows.common-controls_6595b64144ccf1df_6.0.22621.3235_none_270f74e173860f98;C:\Users\Hp\.jdks\openjdk-21.0.2\bin\server;C:\Program Files\JetBrains\IntelliJ IDEA 2023.2.2\bin;C:\Users\Hp\.openjfx\cache\21-ea+null\amd64;C:\WINDOWS\System32\DriverStore\FileRepository\iigd_dch.inf_amd64_0fdf6ce291234272;C:\Program Files\Common Files\Microsoft Shared\Ink

VM Arguments:
jvm_args: -ea -Didea.test.cyclic.buffer.size=1048576 -javaagent:C:\Program Files\JetBrains\IntelliJ IDEA 2023.2.2\lib\idea_rt.jar=60853:C:\Program Files\JetBrains\IntelliJ IDEA 2023.2.2\bin --patch-module=com.restaurantmanagementsystem=C:/Users/Hp/Desktop/OneDrive - University of Southampton/Projects/Others/RestaurantManagementSystem/target/test-classes --add-reads=com.restaurantmanagementsystem=ALL-UNNAMED --add-opens=com.restaurantmanagementsystem/com.restaurantmanagementsystem.pos.controller=ALL-UNNAMED --add-modules=com.restaurantmanagementsystem -Dfile.encoding=UTF-8 -Dsun.stdout.encoding=UTF-8 -Dsun.stderr.encoding=UTF-8 --module-path=C:\Users\Hp\.m2\repository\org\openjfx\javafx-base\21-ea+24\javafx-base-21-ea+24-win.jar;C:\Users\Hp\.m2\repository\org\openjfx\javafx-fxml\21-ea+24\javafx-fxml-21-ea+24-win.jar;C:\Users\Hp\.m2\repository\org\kordamp\bootstrapfx\bootstrapfx-core\0.4.0\bootstrapfx-core-0.4.0.jar;C:\Users\Hp\.m2\repository\org\openjfx\javafx-controls\21-ea+24\javafx-controls-21-ea+24-win.jar;C:\Users\Hp\.m2\repository\mysql\mysql-connector-java\8.0.23\mysql-connector-java-8.0.23.jar;C:\Users\Hp\.m2\repository\org\controlsfx\controlsfx\11.1.2\controlsfx-11.1.2.jar;C:\Users\Hp\.m2\repository\org\openjfx\javafx-graphics\21-ea+24\javafx-graphics-21-ea+24-win.jar;C:\Users\Hp\Desktop\OneDrive - University of Southampton\Projects\Others\RestaurantManagementSystem\target\classes 
java_command: com.intellij.rt.junit.JUnitStarter -ideVersion5 -junit5 com.restaurantmanagementsystem.pos.controller.OrdersControllerTest
java_class_path (initial): C:\Users\Hp\.m2\repository\org\junit\platform\junit-platform-launcher\1.9.2\junit-platform-launcher-1.9.2.jar;C:\Program Files\JetBrains\IntelliJ IDEA 2023.2.2\lib\idea_rt.jar;C:\Program Files\JetBrains\IntelliJ IDEA 2023.2.2\plugins\junit\lib\junit5-rt.jar;C:\Program Files\JetBrains\IntelliJ IDEA 2023.2.2\plugins\junit\lib\junit-rt.jar;C:\Users\Hp\Desktop\OneDrive - University of Southampton\Projects\Others\RestaurantManagementSystem\target\test-classes;C:\Users\Hp\.m2\repository\com\google\protobuf\protobuf-java\3.11.4\protobuf-java-3.11.4.jar;C:\Users\Hp\.m2\repository\org\openjfx\javafx-controls\21-ea+24\javafx-controls-21-ea+24.jar;C:\Users\Hp\.m2\repository\org\openjfx\javafx-graphics\21-ea+24\javafx-graphics-21-ea+24.jar;C:\Users\Hp\.m2\repository\org\openjfx\javafx-base\21-ea+24\javafx-base-21-ea+24.jar;C:\Users\Hp\.m2\repository\org\openjfx\javafx-fxml\21-ea+24\javafx-fxml-21-ea+24.jar;C:\Users\Hp\.m2\repository\org\junit\jupiter\junit-jupiter-api\5.9.2\junit-jupiter-api-5.9.2.jar;C:\Users\Hp\.m2\repository\org\opentest4j\opentest4j\1.2.0\opentest4j-1.2.0.jar;C:\Users\Hp\.m2\repository\org\junit\platform\junit-platform-commons\1.9.2\junit-platform-commons-1.9.2.jar;C:\Users\Hp\.m2\repository\org\apiguardian\apiguardian-api\1.1.2\apiguardian-api-1.1.2.jar;C:\Users\Hp\.m2\repository\org\junit\jupiter\junit-jupiter-engine\5.9.2\junit-jupiter-engine-5.9.2.jar;C:\Users\Hp\.m2\repository\org\junit\platform\junit-platform-engine\1.9.2\junit-platform-engine-1.9.2.jar
Launcher Type: SUN_STANDARD

[Global flags]
     intx CICompilerCount                          = 4                                         {product} {ergonomic}
     uint ConcGCThreads                            = 2                                         {product} {ergonomic}
     uint G1ConcRefinementThreads                  = 8                                         {product} {ergonomic}
   size_t G1HeapRegionSize                         = 1048576                                   {product} {ergonomic}
    uintx GCDrainStackTargetSize                   = 64                                        {product} {ergonomic}
   size_t InitialHeapSize                          = 132120576                                 {product} {ergonomic}
   size_t MarkStackSize                            = 4194304                                   {product} {ergonomic}
   size_t MaxHeapSize                              = 2086666240                                {product} {ergonomic}
   size_t MaxNewSize                               = 1251999744                                {product} {ergonomic}
   size_t MinHeapDeltaBytes                        = 1048576                                   {product} {ergonomic}
   size_t MinHeapSize                              = 8388608                                   {product} {ergonomic}
    uintx NonNMethodCodeHeapSize                   = 5839372                                {pd product} {ergonomic}
    uintx NonProfiledCodeHeapSize                  = 122909434                              {pd product} {ergonomic}
    uintx ProfiledCodeHeapSize                     = 122909434                              {pd product} {ergonomic}
    uintx ReservedCodeCacheSize                    = 251658240                              {pd product} {ergonomic}
     bool SegmentedCodeCache                       = true                                      {product} {ergonomic}
   size_t SoftMaxHeapSize                          = 2086666240                             {manageable} {ergonomic}
     bool UseCompressedOops                        = true                           {product lp64_product} {ergonomic}
     bool UseG1GC                                  = true                                      {product} {ergonomic}
     bool UseLargePagesIndividualAllocation        = false                                  {pd product} {ergonomic}

Logging:
Log output configuration:
 #0: stdout all=off uptime,level,tags foldmultilines=false
 #1: stderr all=off uptime,level,tags foldmultilines=false

Environment Variables:
PATH=C:\Program Files\Common Files\Oracle\Java\javapath;C:\windows\system32;C:\windows;C:\windows\System32\Wbem;C:\windows\System32\WindowsPowerShell\v1.0\;C:\windows\System32\OpenSSH\;C:\Program Files (x86)\NVIDIA Corporation\PhysX\Common;C:\Program Files\NVIDIA Corporation\NVIDIA NvDLISR;C:\WINDOWS\system32;C:\WINDOWS;C:\WINDOWS\System32\Wbem;C:\WINDOWS\System32\WindowsPowerShell\v1.0\;C:\WINDOWS\System32\OpenSSH\;C:\Program Files\dotnet\;C:\Program Files\Microsoft SQL Server\150\Tools\Binn\;C:\Program Files\nodejs\;C:\WINDOWS\system32;C:\WINDOWS;C:\WINDOWS\System32\Wbem;C:\WINDOWS\System32\WindowsPowerShell\v1.0\;C:\WINDOWS\System32\OpenSSH\;C:\Program Files\Git LFS;C:\Program Files\Git\cmd;C:\Program Files\PuTTY\;C:\Program Files\Docker\Docker\resources\bin;C:\Users\Hp\AppData\Local\Programs\Python\Python310\Scripts\;C:\Users\Hp\AppData\Local\Programs\Python\Python310\;C:\Users\Hp\AppData\Local\Programs\Python\Launcher\;C:\Users\Hp\AppData\Local\Microsoft\WindowsApps;C:\Users\Hp\AppData\Local\Programs\Microsoft VS Code\bin;C:\Users\Hp\.dotnet\tools;C:\Users\Hp\AppData\Local\GitHubDesktop\bin;C:\Users\Hp\AppData\Roaming\npm;C:\Program Files\JetBrains\IntelliJ IDEA 2023.2.2\bin;;"C:\Users\Hp\Downloads\flutter\bin"
USERNAME=Hp
OS=Windows_NT
PROCESSOR_IDENTIFIER=Intel64 Family 6 Model 140 Stepping 1, GenuineIntel
TMP=C:\Users\Hp\AppData\Local\Temp
TEMP=C:\Users\Hp\AppData\Local\Temp




Periodic native trim disabled

---------------  S Y S T E M  ---------------

OS:
 Windows 11 , 64 bit Build 22621 (10.0.22621.3374)
OS uptime: 1 days 3:01 hours
Hyper-V role detected

CPU: total 8 (initial active 8) (4 cores per cpu, 2 threads per core) family 6 model 140 stepping 1 microcode 0xac, cx8, cmov, fxsr, ht, mmx, 3dnowpref, sse, sse2, sse3, ssse3, sse4.1, sse4.2, popcnt, lzcnt, tsc, tscinvbit, avx, avx2, aes, erms, clmul, bmi1, bmi2, adx, avx512f, avx512dq, avx512cd, avx512bw, avx512vl, sha, fma, vzeroupper, avx512_vpopcntdq, avx512_vpclmulqdq, avx512_vaes, avx512_vnni, clflush, clflushopt, clwb, avx512_vbmi2, avx512_vbmi, hv, rdtscp, rdpid, fsrm, gfni, avx512_bitalg, f16c, cet_ibt, cet_ss, avx512_ifma
Processor Information for all 8 processors :
  Max Mhz: 2419, Current Mhz: 2419, Mhz Limit: 2419

Memory: 4k page, system-wide physical 7957M (748M free)
TotalPageFile size 18700M (AvailPageFile size 4692M)
current process WorkingSet (physical memory assigned to process): 196M, peak: 197M
current process commit charge ("private bytes"): 231M, peak: 288M

vm_info: OpenJDK 64-Bit Server VM (21.0.2+13-58) for windows-amd64 JRE (21.0.2+13-58), built on 2024-01-05T18:32:24Z by "mach5one" with MS VC++ 17.1 (VS2022)

END.
